<?xml version="1.0" encoding="UTF-8"?>
<robot generator="Robot 5.0.1 (Python 3.9.7 on win32)" generated="20220816 12:34:31.873" rpa="false" schemaversion="3">
<suite id="s1" name="T FPastShifts" source="D:\PycharmProjects\NurseDashRegressionVersion1\TestCases\FacilityTCs\T_FPastShifts.robot">
<test id="s1-t1" name="Review Completed Shift" line="20">
<kw name="StartTest" library="P_FCommon" type="SETUP">
<arg>${F_UserNameVariable}</arg>
<arg>${F_PasswordVariable}</arg>
<kw name="Open Browser" library="SeleniumLibrary">
<arg>https://facility-staging.nursedash.com</arg>
<arg>chrome</arg>
<doc>Opens a new browser instance to the optional ``url``.</doc>
<msg timestamp="20220816 12:34:32.760" level="INFO">Opening browser 'chrome' to base url 'https://facility-staging.nursedash.com'.</msg>
<status status="PASS" starttime="20220816 12:34:32.760" endtime="20220816 12:34:37.546"/>
</kw>
<kw name="Maximize Browser Window" library="SeleniumLibrary">
<doc>Maximizes current browser window.</doc>
<status status="PASS" starttime="20220816 12:34:37.546" endtime="20220816 12:34:37.669"/>
</kw>
<kw name="LogIn Facility Portal" library="P_FCommon">
<arg>${F_UserNameVariable}</arg>
<arg>${F_PasswordVariable}</arg>
<kw name="Wait Until Keyword Succeeds" library="BuiltIn">
<arg>1000s</arg>
<arg>1s</arg>
<arg>input text</arg>
<arg>${F_UserName_LogIn}</arg>
<arg>${F_UserNameVariable}</arg>
<doc>Runs the specified keyword and retries if it fails.</doc>
<kw name="Input Text" library="SeleniumLibrary">
<arg>${F_UserName_LogIn}</arg>
<arg>${F_UserNameVariable}</arg>
<doc>Types the given ``text`` into the text field identified by ``locator``.</doc>
<msg timestamp="20220816 12:34:37.677" level="INFO">Typing text 'Sameh TA01' into text field '//div//input[@id="username"]'.</msg>
<msg timestamp="20220816 12:34:38.321" level="INFO" html="true">&lt;/td&gt;&lt;/tr&gt;&lt;tr&gt;&lt;td colspan="3"&gt;&lt;a href="selenium-screenshot-594.png"&gt;&lt;img src="selenium-screenshot-594.png" width="800px"&gt;&lt;/a&gt;</msg>
<msg timestamp="20220816 12:34:38.322" level="FAIL">Element with locator '//div//input[@id="username"]' not found.</msg>
<status status="FAIL" starttime="20220816 12:34:37.674" endtime="20220816 12:34:38.325"/>
</kw>
<kw name="Input Text" library="SeleniumLibrary">
<arg>${F_UserName_LogIn}</arg>
<arg>${F_UserNameVariable}</arg>
<doc>Types the given ``text`` into the text field identified by ``locator``.</doc>
<msg timestamp="20220816 12:34:39.334" level="INFO">Typing text 'Sameh TA01' into text field '//div//input[@id="username"]'.</msg>
<msg timestamp="20220816 12:34:39.771" level="INFO" html="true">&lt;/td&gt;&lt;/tr&gt;&lt;tr&gt;&lt;td colspan="3"&gt;&lt;a href="selenium-screenshot-595.png"&gt;&lt;img src="selenium-screenshot-595.png" width="800px"&gt;&lt;/a&gt;</msg>
<msg timestamp="20220816 12:34:39.772" level="FAIL">Element with locator '//div//input[@id="username"]' not found.</msg>
<status status="FAIL" starttime="20220816 12:34:39.332" endtime="20220816 12:34:39.772"/>
</kw>
<kw name="Input Text" library="SeleniumLibrary">
<arg>${F_UserName_LogIn}</arg>
<arg>${F_UserNameVariable}</arg>
<doc>Types the given ``text`` into the text field identified by ``locator``.</doc>
<msg timestamp="20220816 12:34:40.787" level="INFO">Typing text 'Sameh TA01' into text field '//div//input[@id="username"]'.</msg>
<msg timestamp="20220816 12:34:41.135" level="INFO" html="true">&lt;/td&gt;&lt;/tr&gt;&lt;tr&gt;&lt;td colspan="3"&gt;&lt;a href="selenium-screenshot-596.png"&gt;&lt;img src="selenium-screenshot-596.png" width="800px"&gt;&lt;/a&gt;</msg>
<msg timestamp="20220816 12:34:41.135" level="FAIL">Element with locator '//div//input[@id="username"]' not found.</msg>
<status status="FAIL" starttime="20220816 12:34:40.786" endtime="20220816 12:34:41.136"/>
</kw>
<kw name="Input Text" library="SeleniumLibrary">
<arg>${F_UserName_LogIn}</arg>
<arg>${F_UserNameVariable}</arg>
<doc>Types the given ``text`` into the text field identified by ``locator``.</doc>
<msg timestamp="20220816 12:34:42.141" level="INFO">Typing text 'Sameh TA01' into text field '//div//input[@id="username"]'.</msg>
<msg timestamp="20220816 12:34:42.406" level="INFO" html="true">&lt;/td&gt;&lt;/tr&gt;&lt;tr&gt;&lt;td colspan="3"&gt;&lt;a href="selenium-screenshot-597.png"&gt;&lt;img src="selenium-screenshot-597.png" width="800px"&gt;&lt;/a&gt;</msg>
<msg timestamp="20220816 12:34:42.407" level="FAIL">Element with locator '//div//input[@id="username"]' not found.</msg>
<status status="FAIL" starttime="20220816 12:34:42.139" endtime="20220816 12:34:42.408"/>
</kw>
<kw name="Input Text" library="SeleniumLibrary">
<arg>${F_UserName_LogIn}</arg>
<arg>${F_UserNameVariable}</arg>
<doc>Types the given ``text`` into the text field identified by ``locator``.</doc>
<msg timestamp="20220816 12:34:43.415" level="INFO">Typing text 'Sameh TA01' into text field '//div//input[@id="username"]'.</msg>
<msg timestamp="20220816 12:34:43.717" level="INFO" html="true">&lt;/td&gt;&lt;/tr&gt;&lt;tr&gt;&lt;td colspan="3"&gt;&lt;a href="selenium-screenshot-598.png"&gt;&lt;img src="selenium-screenshot-598.png" width="800px"&gt;&lt;/a&gt;</msg>
<msg timestamp="20220816 12:34:43.718" level="FAIL">Element with locator '//div//input[@id="username"]' not found.</msg>
<status status="FAIL" starttime="20220816 12:34:43.414" endtime="20220816 12:34:43.718"/>
</kw>
<kw name="Input Text" library="SeleniumLibrary">
<arg>${F_UserName_LogIn}</arg>
<arg>${F_UserNameVariable}</arg>
<doc>Types the given ``text`` into the text field identified by ``locator``.</doc>
<msg timestamp="20220816 12:34:44.726" level="INFO">Typing text 'Sameh TA01' into text field '//div//input[@id="username"]'.</msg>
<msg timestamp="20220816 12:34:44.961" level="INFO" html="true">&lt;/td&gt;&lt;/tr&gt;&lt;tr&gt;&lt;td colspan="3"&gt;&lt;a href="selenium-screenshot-599.png"&gt;&lt;img src="selenium-screenshot-599.png" width="800px"&gt;&lt;/a&gt;</msg>
<msg timestamp="20220816 12:34:44.962" level="FAIL">Element with locator '//div//input[@id="username"]' not found.</msg>
<status status="FAIL" starttime="20220816 12:34:44.725" endtime="20220816 12:34:44.962"/>
</kw>
<kw name="Input Text" library="SeleniumLibrary">
<arg>${F_UserName_LogIn}</arg>
<arg>${F_UserNameVariable}</arg>
<doc>Types the given ``text`` into the text field identified by ``locator``.</doc>
<msg timestamp="20220816 12:34:45.971" level="INFO">Typing text 'Sameh TA01' into text field '//div//input[@id="username"]'.</msg>
<msg timestamp="20220816 12:34:46.302" level="INFO" html="true">&lt;/td&gt;&lt;/tr&gt;&lt;tr&gt;&lt;td colspan="3"&gt;&lt;a href="selenium-screenshot-600.png"&gt;&lt;img src="selenium-screenshot-600.png" width="800px"&gt;&lt;/a&gt;</msg>
<msg timestamp="20220816 12:34:46.302" level="FAIL">Element with locator '//div//input[@id="username"]' not found.</msg>
<status status="FAIL" starttime="20220816 12:34:45.970" endtime="20220816 12:34:46.303"/>
</kw>
<kw name="Input Text" library="SeleniumLibrary">
<arg>${F_UserName_LogIn}</arg>
<arg>${F_UserNameVariable}</arg>
<doc>Types the given ``text`` into the text field identified by ``locator``.</doc>
<msg timestamp="20220816 12:34:47.310" level="INFO">Typing text 'Sameh TA01' into text field '//div//input[@id="username"]'.</msg>
<msg timestamp="20220816 12:34:47.647" level="INFO" html="true">&lt;/td&gt;&lt;/tr&gt;&lt;tr&gt;&lt;td colspan="3"&gt;&lt;a href="selenium-screenshot-601.png"&gt;&lt;img src="selenium-screenshot-601.png" width="800px"&gt;&lt;/a&gt;</msg>
<msg timestamp="20220816 12:34:47.648" level="FAIL">Element with locator '//div//input[@id="username"]' not found.</msg>
<status status="FAIL" starttime="20220816 12:34:47.307" endtime="20220816 12:34:47.649"/>
</kw>
<kw name="Input Text" library="SeleniumLibrary">
<arg>${F_UserName_LogIn}</arg>
<arg>${F_UserNameVariable}</arg>
<doc>Types the given ``text`` into the text field identified by ``locator``.</doc>
<msg timestamp="20220816 12:34:48.662" level="INFO">Typing text 'Sameh TA01' into text field '//div//input[@id="username"]'.</msg>
<msg timestamp="20220816 12:34:49.184" level="INFO" html="true">&lt;/td&gt;&lt;/tr&gt;&lt;tr&gt;&lt;td colspan="3"&gt;&lt;a href="selenium-screenshot-602.png"&gt;&lt;img src="selenium-screenshot-602.png" width="800px"&gt;&lt;/a&gt;</msg>
<msg timestamp="20220816 12:34:49.185" level="FAIL">Element with locator '//div//input[@id="username"]' not found.</msg>
<status status="FAIL" starttime="20220816 12:34:48.660" endtime="20220816 12:34:49.185"/>
</kw>
<kw name="Input Text" library="SeleniumLibrary">
<arg>${F_UserName_LogIn}</arg>
<arg>${F_UserNameVariable}</arg>
<doc>Types the given ``text`` into the text field identified by ``locator``.</doc>
<msg timestamp="20220816 12:34:50.200" level="INFO">Typing text 'Sameh TA01' into text field '//div//input[@id="username"]'.</msg>
<msg timestamp="20220816 12:34:50.538" level="INFO" html="true">&lt;/td&gt;&lt;/tr&gt;&lt;tr&gt;&lt;td colspan="3"&gt;&lt;a href="selenium-screenshot-603.png"&gt;&lt;img src="selenium-screenshot-603.png" width="800px"&gt;&lt;/a&gt;</msg>
<msg timestamp="20220816 12:34:50.538" level="FAIL">Element with locator '//div//input[@id="username"]' not found.</msg>
<status status="FAIL" starttime="20220816 12:34:50.199" endtime="20220816 12:34:50.539"/>
</kw>
<kw name="Input Text" library="SeleniumLibrary">
<arg>${F_UserName_LogIn}</arg>
<arg>${F_UserNameVariable}</arg>
<doc>Types the given ``text`` into the text field identified by ``locator``.</doc>
<msg timestamp="20220816 12:34:51.544" level="INFO">Typing text 'Sameh TA01' into text field '//div//input[@id="username"]'.</msg>
<msg timestamp="20220816 12:34:51.998" level="INFO" html="true">&lt;/td&gt;&lt;/tr&gt;&lt;tr&gt;&lt;td colspan="3"&gt;&lt;a href="selenium-screenshot-604.png"&gt;&lt;img src="selenium-screenshot-604.png" width="800px"&gt;&lt;/a&gt;</msg>
<msg timestamp="20220816 12:34:52.000" level="FAIL">Element with locator '//div//input[@id="username"]' not found.</msg>
<status status="FAIL" starttime="20220816 12:34:51.542" endtime="20220816 12:34:52.000"/>
</kw>
<kw name="Input Text" library="SeleniumLibrary">
<arg>${F_UserName_LogIn}</arg>
<arg>${F_UserNameVariable}</arg>
<doc>Types the given ``text`` into the text field identified by ``locator``.</doc>
<msg timestamp="20220816 12:34:53.017" level="INFO">Typing text 'Sameh TA01' into text field '//div//input[@id="username"]'.</msg>
<msg timestamp="20220816 12:34:53.626" level="INFO" html="true">&lt;/td&gt;&lt;/tr&gt;&lt;tr&gt;&lt;td colspan="3"&gt;&lt;a href="selenium-screenshot-605.png"&gt;&lt;img src="selenium-screenshot-605.png" width="800px"&gt;&lt;/a&gt;</msg>
<msg timestamp="20220816 12:34:53.626" level="FAIL">Element with locator '//div//input[@id="username"]' not found.</msg>
<status status="FAIL" starttime="20220816 12:34:53.015" endtime="20220816 12:34:53.627"/>
</kw>
<kw name="Input Text" library="SeleniumLibrary">
<arg>${F_UserName_LogIn}</arg>
<arg>${F_UserNameVariable}</arg>
<doc>Types the given ``text`` into the text field identified by ``locator``.</doc>
<msg timestamp="20220816 12:34:54.644" level="INFO">Typing text 'Sameh TA01' into text field '//div//input[@id="username"]'.</msg>
<msg timestamp="20220816 12:34:55.131" level="INFO" html="true">&lt;/td&gt;&lt;/tr&gt;&lt;tr&gt;&lt;td colspan="3"&gt;&lt;a href="selenium-screenshot-606.png"&gt;&lt;img src="selenium-screenshot-606.png" width="800px"&gt;&lt;/a&gt;</msg>
<msg timestamp="20220816 12:34:55.133" level="FAIL">Element with locator '//div//input[@id="username"]' not found.</msg>
<status status="FAIL" starttime="20220816 12:34:54.642" endtime="20220816 12:34:55.133"/>
</kw>
<kw name="Input Text" library="SeleniumLibrary">
<arg>${F_UserName_LogIn}</arg>
<arg>${F_UserNameVariable}</arg>
<doc>Types the given ``text`` into the text field identified by ``locator``.</doc>
<msg timestamp="20220816 12:34:56.136" level="INFO">Typing text 'Sameh TA01' into text field '//div//input[@id="username"]'.</msg>
<msg timestamp="20220816 12:34:56.818" level="INFO" html="true">&lt;/td&gt;&lt;/tr&gt;&lt;tr&gt;&lt;td colspan="3"&gt;&lt;a href="selenium-screenshot-607.png"&gt;&lt;img src="selenium-screenshot-607.png" width="800px"&gt;&lt;/a&gt;</msg>
<msg timestamp="20220816 12:34:56.820" level="FAIL">Element with locator '//div//input[@id="username"]' not found.</msg>
<status status="FAIL" starttime="20220816 12:34:56.134" endtime="20220816 12:34:56.823"/>
</kw>
<kw name="Input Text" library="SeleniumLibrary">
<arg>${F_UserName_LogIn}</arg>
<arg>${F_UserNameVariable}</arg>
<doc>Types the given ``text`` into the text field identified by ``locator``.</doc>
<msg timestamp="20220816 12:34:57.828" level="INFO">Typing text 'Sameh TA01' into text field '//div//input[@id="username"]'.</msg>
<msg timestamp="20220816 12:34:59.336" level="INFO" html="true">&lt;/td&gt;&lt;/tr&gt;&lt;tr&gt;&lt;td colspan="3"&gt;&lt;a href="selenium-screenshot-608.png"&gt;&lt;img src="selenium-screenshot-608.png" width="800px"&gt;&lt;/a&gt;</msg>
<msg timestamp="20220816 12:34:59.337" level="FAIL">Element with locator '//div//input[@id="username"]' not found.</msg>
<status status="FAIL" starttime="20220816 12:34:57.825" endtime="20220816 12:34:59.338"/>
</kw>
<kw name="Input Text" library="SeleniumLibrary">
<arg>${F_UserName_LogIn}</arg>
<arg>${F_UserNameVariable}</arg>
<doc>Types the given ``text`` into the text field identified by ``locator``.</doc>
<msg timestamp="20220816 12:35:00.355" level="INFO">Typing text 'Sameh TA01' into text field '//div//input[@id="username"]'.</msg>
<msg timestamp="20220816 12:35:01.041" level="INFO" html="true">&lt;/td&gt;&lt;/tr&gt;&lt;tr&gt;&lt;td colspan="3"&gt;&lt;a href="selenium-screenshot-609.png"&gt;&lt;img src="selenium-screenshot-609.png" width="800px"&gt;&lt;/a&gt;</msg>
<msg timestamp="20220816 12:35:01.043" level="FAIL">Element with locator '//div//input[@id="username"]' not found.</msg>
<status status="FAIL" starttime="20220816 12:35:00.354" endtime="20220816 12:35:01.045"/>
</kw>
<kw name="Input Text" library="SeleniumLibrary">
<arg>${F_UserName_LogIn}</arg>
<arg>${F_UserNameVariable}</arg>
<doc>Types the given ``text`` into the text field identified by ``locator``.</doc>
<msg timestamp="20220816 12:35:02.058" level="INFO">Typing text 'Sameh TA01' into text field '//div//input[@id="username"]'.</msg>
<msg timestamp="20220816 12:35:02.572" level="INFO" html="true">&lt;/td&gt;&lt;/tr&gt;&lt;tr&gt;&lt;td colspan="3"&gt;&lt;a href="selenium-screenshot-610.png"&gt;&lt;img src="selenium-screenshot-610.png" width="800px"&gt;&lt;/a&gt;</msg>
<msg timestamp="20220816 12:35:02.573" level="FAIL">Element with locator '//div//input[@id="username"]' not found.</msg>
<status status="FAIL" starttime="20220816 12:35:02.055" endtime="20220816 12:35:02.574"/>
</kw>
<kw name="Input Text" library="SeleniumLibrary">
<arg>${F_UserName_LogIn}</arg>
<arg>${F_UserNameVariable}</arg>
<doc>Types the given ``text`` into the text field identified by ``locator``.</doc>
<msg timestamp="20220816 12:35:03.584" level="INFO">Typing text 'Sameh TA01' into text field '//div//input[@id="username"]'.</msg>
<msg timestamp="20220816 12:35:04.161" level="INFO" html="true">&lt;/td&gt;&lt;/tr&gt;&lt;tr&gt;&lt;td colspan="3"&gt;&lt;a href="selenium-screenshot-611.png"&gt;&lt;img src="selenium-screenshot-611.png" width="800px"&gt;&lt;/a&gt;</msg>
<msg timestamp="20220816 12:35:04.163" level="FAIL">Element with locator '//div//input[@id="username"]' not found.</msg>
<status status="FAIL" starttime="20220816 12:35:03.581" endtime="20220816 12:35:04.163"/>
</kw>
<kw name="Input Text" library="SeleniumLibrary">
<arg>${F_UserName_LogIn}</arg>
<arg>${F_UserNameVariable}</arg>
<doc>Types the given ``text`` into the text field identified by ``locator``.</doc>
<msg timestamp="20220816 12:35:05.166" level="INFO">Typing text 'Sameh TA01' into text field '//div//input[@id="username"]'.</msg>
<msg timestamp="20220816 12:35:05.672" level="INFO" html="true">&lt;/td&gt;&lt;/tr&gt;&lt;tr&gt;&lt;td colspan="3"&gt;&lt;a href="selenium-screenshot-612.png"&gt;&lt;img src="selenium-screenshot-612.png" width="800px"&gt;&lt;/a&gt;</msg>
<msg timestamp="20220816 12:35:05.674" level="FAIL">Element with locator '//div//input[@id="username"]' not found.</msg>
<status status="FAIL" starttime="20220816 12:35:05.164" endtime="20220816 12:35:05.675"/>
</kw>
<kw name="Input Text" library="SeleniumLibrary">
<arg>${F_UserName_LogIn}</arg>
<arg>${F_UserNameVariable}</arg>
<doc>Types the given ``text`` into the text field identified by ``locator``.</doc>
<msg timestamp="20220816 12:35:06.693" level="INFO">Typing text 'Sameh TA01' into text field '//div//input[@id="username"]'.</msg>
<msg timestamp="20220816 12:35:07.372" level="INFO" html="true">&lt;/td&gt;&lt;/tr&gt;&lt;tr&gt;&lt;td colspan="3"&gt;&lt;a href="selenium-screenshot-613.png"&gt;&lt;img src="selenium-screenshot-613.png" width="800px"&gt;&lt;/a&gt;</msg>
<msg timestamp="20220816 12:35:07.375" level="FAIL">Element with locator '//div//input[@id="username"]' not found.</msg>
<status status="FAIL" starttime="20220816 12:35:06.690" endtime="20220816 12:35:07.378"/>
</kw>
<kw name="Input Text" library="SeleniumLibrary">
<arg>${F_UserName_LogIn}</arg>
<arg>${F_UserNameVariable}</arg>
<doc>Types the given ``text`` into the text field identified by ``locator``.</doc>
<msg timestamp="20220816 12:35:08.392" level="INFO">Typing text 'Sameh TA01' into text field '//div//input[@id="username"]'.</msg>
<msg timestamp="20220816 12:35:09.143" level="INFO" html="true">&lt;/td&gt;&lt;/tr&gt;&lt;tr&gt;&lt;td colspan="3"&gt;&lt;a href="selenium-screenshot-614.png"&gt;&lt;img src="selenium-screenshot-614.png" width="800px"&gt;&lt;/a&gt;</msg>
<msg timestamp="20220816 12:35:09.144" level="FAIL">Element with locator '//div//input[@id="username"]' not found.</msg>
<status status="FAIL" starttime="20220816 12:35:08.388" endtime="20220816 12:35:09.147"/>
</kw>
<kw name="Input Text" library="SeleniumLibrary">
<arg>${F_UserName_LogIn}</arg>
<arg>${F_UserNameVariable}</arg>
<doc>Types the given ``text`` into the text field identified by ``locator``.</doc>
<msg timestamp="20220816 12:35:10.149" level="INFO">Typing text 'Sameh TA01' into text field '//div//input[@id="username"]'.</msg>
<msg timestamp="20220816 12:35:10.671" level="INFO" html="true">&lt;/td&gt;&lt;/tr&gt;&lt;tr&gt;&lt;td colspan="3"&gt;&lt;a href="selenium-screenshot-615.png"&gt;&lt;img src="selenium-screenshot-615.png" width="800px"&gt;&lt;/a&gt;</msg>
<msg timestamp="20220816 12:35:10.673" level="FAIL">Element with locator '//div//input[@id="username"]' not found.</msg>
<status status="FAIL" starttime="20220816 12:35:10.147" endtime="20220816 12:35:10.674"/>
</kw>
<kw name="Input Text" library="SeleniumLibrary">
<arg>${F_UserName_LogIn}</arg>
<arg>${F_UserNameVariable}</arg>
<doc>Types the given ``text`` into the text field identified by ``locator``.</doc>
<msg timestamp="20220816 12:35:11.685" level="INFO">Typing text 'Sameh TA01' into text field '//div//input[@id="username"]'.</msg>
<msg timestamp="20220816 12:35:12.393" level="INFO" html="true">&lt;/td&gt;&lt;/tr&gt;&lt;tr&gt;&lt;td colspan="3"&gt;&lt;a href="selenium-screenshot-616.png"&gt;&lt;img src="selenium-screenshot-616.png" width="800px"&gt;&lt;/a&gt;</msg>
<msg timestamp="20220816 12:35:12.395" level="FAIL">Element with locator '//div//input[@id="username"]' not found.</msg>
<status status="FAIL" starttime="20220816 12:35:11.683" endtime="20220816 12:35:12.398"/>
</kw>
<kw name="Input Text" library="SeleniumLibrary">
<arg>${F_UserName_LogIn}</arg>
<arg>${F_UserNameVariable}</arg>
<doc>Types the given ``text`` into the text field identified by ``locator``.</doc>
<msg timestamp="20220816 12:35:13.402" level="INFO">Typing text 'Sameh TA01' into text field '//div//input[@id="username"]'.</msg>
<msg timestamp="20220816 12:35:14.065" level="INFO" html="true">&lt;/td&gt;&lt;/tr&gt;&lt;tr&gt;&lt;td colspan="3"&gt;&lt;a href="selenium-screenshot-617.png"&gt;&lt;img src="selenium-screenshot-617.png" width="800px"&gt;&lt;/a&gt;</msg>
<msg timestamp="20220816 12:35:14.066" level="FAIL">Element with locator '//div//input[@id="username"]' not found.</msg>
<status status="FAIL" starttime="20220816 12:35:13.400" endtime="20220816 12:35:14.066"/>
</kw>
<kw name="Input Text" library="SeleniumLibrary">
<arg>${F_UserName_LogIn}</arg>
<arg>${F_UserNameVariable}</arg>
<doc>Types the given ``text`` into the text field identified by ``locator``.</doc>
<msg timestamp="20220816 12:35:15.083" level="INFO">Typing text 'Sameh TA01' into text field '//div//input[@id="username"]'.</msg>
<msg timestamp="20220816 12:35:16.249" level="INFO" html="true">&lt;/td&gt;&lt;/tr&gt;&lt;tr&gt;&lt;td colspan="3"&gt;&lt;a href="selenium-screenshot-618.png"&gt;&lt;img src="selenium-screenshot-618.png" width="800px"&gt;&lt;/a&gt;</msg>
<msg timestamp="20220816 12:35:16.249" level="FAIL">Element with locator '//div//input[@id="username"]' not found.</msg>
<status status="FAIL" starttime="20220816 12:35:15.081" endtime="20220816 12:35:16.250"/>
</kw>
<kw name="Input Text" library="SeleniumLibrary">
<arg>${F_UserName_LogIn}</arg>
<arg>${F_UserNameVariable}</arg>
<doc>Types the given ``text`` into the text field identified by ``locator``.</doc>
<msg timestamp="20220816 12:35:17.252" level="INFO">Typing text 'Sameh TA01' into text field '//div//input[@id="username"]'.</msg>
<msg timestamp="20220816 12:35:17.746" level="INFO" html="true">&lt;/td&gt;&lt;/tr&gt;&lt;tr&gt;&lt;td colspan="3"&gt;&lt;a href="selenium-screenshot-619.png"&gt;&lt;img src="selenium-screenshot-619.png" width="800px"&gt;&lt;/a&gt;</msg>
<msg timestamp="20220816 12:35:17.747" level="FAIL">Element with locator '//div//input[@id="username"]' not found.</msg>
<status status="FAIL" starttime="20220816 12:35:17.250" endtime="20220816 12:35:17.748"/>
</kw>
<kw name="Input Text" library="SeleniumLibrary">
<arg>${F_UserName_LogIn}</arg>
<arg>${F_UserNameVariable}</arg>
<doc>Types the given ``text`` into the text field identified by ``locator``.</doc>
<msg timestamp="20220816 12:35:18.760" level="INFO">Typing text 'Sameh TA01' into text field '//div//input[@id="username"]'.</msg>
<msg timestamp="20220816 12:35:19.279" level="INFO" html="true">&lt;/td&gt;&lt;/tr&gt;&lt;tr&gt;&lt;td colspan="3"&gt;&lt;a href="selenium-screenshot-620.png"&gt;&lt;img src="selenium-screenshot-620.png" width="800px"&gt;&lt;/a&gt;</msg>
<msg timestamp="20220816 12:35:19.279" level="FAIL">Element with locator '//div//input[@id="username"]' not found.</msg>
<status status="FAIL" starttime="20220816 12:35:18.757" endtime="20220816 12:35:19.280"/>
</kw>
<kw name="Input Text" library="SeleniumLibrary">
<arg>${F_UserName_LogIn}</arg>
<arg>${F_UserNameVariable}</arg>
<doc>Types the given ``text`` into the text field identified by ``locator``.</doc>
<msg timestamp="20220816 12:35:20.287" level="INFO">Typing text 'Sameh TA01' into text field '//div//input[@id="username"]'.</msg>
<msg timestamp="20220816 12:35:20.778" level="INFO" html="true">&lt;/td&gt;&lt;/tr&gt;&lt;tr&gt;&lt;td colspan="3"&gt;&lt;a href="selenium-screenshot-621.png"&gt;&lt;img src="selenium-screenshot-621.png" width="800px"&gt;&lt;/a&gt;</msg>
<msg timestamp="20220816 12:35:20.779" level="FAIL">Element with locator '//div//input[@id="username"]' not found.</msg>
<status status="FAIL" starttime="20220816 12:35:20.285" endtime="20220816 12:35:20.780"/>
</kw>
<kw name="Input Text" library="SeleniumLibrary">
<arg>${F_UserName_LogIn}</arg>
<arg>${F_UserNameVariable}</arg>
<doc>Types the given ``text`` into the text field identified by ``locator``.</doc>
<msg timestamp="20220816 12:35:21.788" level="INFO">Typing text 'Sameh TA01' into text field '//div//input[@id="username"]'.</msg>
<msg timestamp="20220816 12:35:22.157" level="WARN">Keyword 'Capture Page Screenshot' could not be run on failure: 'NoneType' object has no attribute 'encode'</msg>
<msg timestamp="20220816 12:35:22.184" level="FAIL">Element with locator '//div//input[@id="username"]' not found.</msg>
<status status="FAIL" starttime="20220816 12:35:21.785" endtime="20220816 12:35:22.188"/>
</kw>
<kw name="Input Text" library="SeleniumLibrary">
<arg>${F_UserName_LogIn}</arg>
<arg>${F_UserNameVariable}</arg>
<doc>Types the given ``text`` into the text field identified by ``locator``.</doc>
<msg timestamp="20220816 12:35:23.192" level="INFO">Typing text 'Sameh TA01' into text field '//div//input[@id="username"]'.</msg>
<msg timestamp="20220816 12:35:23.343" level="WARN">Keyword 'Capture Page Screenshot' could not be run on failure: Message: no such window: target window already closed
from unknown error: web view not found
  (Session info: chrome=104.0.5112.81)
</msg>
<msg timestamp="20220816 12:35:23.348" level="FAIL">NoSuchWindowException: Message: no such window: target window already closed
from unknown error: web view not found
  (Session info: chrome=104.0.5112.81)
</msg>
<status status="FAIL" starttime="20220816 12:35:23.189" endtime="20220816 12:35:23.353"/>
</kw>
<kw name="Input Text" library="SeleniumLibrary">
<arg>${F_UserName_LogIn}</arg>
<arg>${F_UserNameVariable}</arg>
<doc>Types the given ``text`` into the text field identified by ``locator``.</doc>
<msg timestamp="20220816 12:35:24.360" level="INFO">Typing text 'Sameh TA01' into text field '//div//input[@id="username"]'.</msg>
<msg timestamp="20220816 12:35:24.508" level="WARN">Keyword 'Capture Page Screenshot' could not be run on failure: Message: no such window: target window already closed
from unknown error: web view not found
  (Session info: chrome=104.0.5112.81)
</msg>
<msg timestamp="20220816 12:35:24.513" level="FAIL">NoSuchWindowException: Message: no such window: target window already closed
from unknown error: web view not found
  (Session info: chrome=104.0.5112.81)
</msg>
<status status="FAIL" starttime="20220816 12:35:24.358" endtime="20220816 12:35:24.517"/>
</kw>
<kw name="Input Text" library="SeleniumLibrary">
<arg>${F_UserName_LogIn}</arg>
<arg>${F_UserNameVariable}</arg>
<doc>Types the given ``text`` into the text field identified by ``locator``.</doc>
<msg timestamp="20220816 12:35:25.527" level="INFO">Typing text 'Sameh TA01' into text field '//div//input[@id="username"]'.</msg>
<msg timestamp="20220816 12:35:25.696" level="WARN">Keyword 'Capture Page Screenshot' could not be run on failure: Message: no such window: target window already closed
from unknown error: web view not found
  (Session info: chrome=104.0.5112.81)
</msg>
<msg timestamp="20220816 12:35:25.703" level="FAIL">NoSuchWindowException: Message: no such window: target window already closed
from unknown error: web view not found
  (Session info: chrome=104.0.5112.81)
</msg>
<status status="FAIL" starttime="20220816 12:35:25.525" endtime="20220816 12:35:25.706"/>
</kw>
<kw name="Input Text" library="SeleniumLibrary">
<arg>${F_UserName_LogIn}</arg>
<arg>${F_UserNameVariable}</arg>
<doc>Types the given ``text`` into the text field identified by ``locator``.</doc>
<msg timestamp="20220816 12:35:26.725" level="INFO">Typing text 'Sameh TA01' into text field '//div//input[@id="username"]'.</msg>
<msg timestamp="20220816 12:35:26.882" level="WARN">Keyword 'Capture Page Screenshot' could not be run on failure: Message: no such window: target window already closed
from unknown error: web view not found
  (Session info: chrome=104.0.5112.81)
</msg>
<msg timestamp="20220816 12:35:26.887" level="FAIL">NoSuchWindowException: Message: no such window: target window already closed
from unknown error: web view not found
  (Session info: chrome=104.0.5112.81)
</msg>
<status status="FAIL" starttime="20220816 12:35:26.722" endtime="20220816 12:35:26.890"/>
</kw>
<kw name="Input Text" library="SeleniumLibrary">
<arg>${F_UserName_LogIn}</arg>
<arg>${F_UserNameVariable}</arg>
<doc>Types the given ``text`` into the text field identified by ``locator``.</doc>
<msg timestamp="20220816 12:35:27.895" level="INFO">Typing text 'Sameh TA01' into text field '//div//input[@id="username"]'.</msg>
<msg timestamp="20220816 12:35:28.044" level="WARN">Keyword 'Capture Page Screenshot' could not be run on failure: Message: no such window: target window already closed
from unknown error: web view not found
  (Session info: chrome=104.0.5112.81)
</msg>
<msg timestamp="20220816 12:35:28.049" level="FAIL">NoSuchWindowException: Message: no such window: target window already closed
from unknown error: web view not found
  (Session info: chrome=104.0.5112.81)
</msg>
<status status="FAIL" starttime="20220816 12:35:27.893" endtime="20220816 12:35:28.052"/>
</kw>
<kw name="Input Text" library="SeleniumLibrary">
<arg>${F_UserName_LogIn}</arg>
<arg>${F_UserNameVariable}</arg>
<doc>Types the given ``text`` into the text field identified by ``locator``.</doc>
<msg timestamp="20220816 12:35:29.067" level="INFO">Typing text 'Sameh TA01' into text field '//div//input[@id="username"]'.</msg>
<msg timestamp="20220816 12:35:29.221" level="WARN">Keyword 'Capture Page Screenshot' could not be run on failure: Message: no such window: target window already closed
from unknown error: web view not found
  (Session info: chrome=104.0.5112.81)
</msg>
<msg timestamp="20220816 12:35:29.227" level="FAIL">NoSuchWindowException: Message: no such window: target window already closed
from unknown error: web view not found
  (Session info: chrome=104.0.5112.81)
</msg>
<status status="FAIL" starttime="20220816 12:35:29.065" endtime="20220816 12:35:29.231"/>
</kw>
<kw name="Input Text" library="SeleniumLibrary">
<arg>${F_UserName_LogIn}</arg>
<arg>${F_UserNameVariable}</arg>
<doc>Types the given ``text`` into the text field identified by ``locator``.</doc>
<msg timestamp="20220816 12:35:30.249" level="INFO">Typing text 'Sameh TA01' into text field '//div//input[@id="username"]'.</msg>
<msg timestamp="20220816 12:35:30.409" level="WARN">Keyword 'Capture Page Screenshot' could not be run on failure: Message: no such window: target window already closed
from unknown error: web view not found
  (Session info: chrome=104.0.5112.81)
</msg>
<msg timestamp="20220816 12:35:30.415" level="FAIL">NoSuchWindowException: Message: no such window: target window already closed
from unknown error: web view not found
  (Session info: chrome=104.0.5112.81)
</msg>
<status status="FAIL" starttime="20220816 12:35:30.247" endtime="20220816 12:35:30.418"/>
</kw>
<kw name="Input Text" library="SeleniumLibrary">
<arg>${F_UserName_LogIn}</arg>
<arg>${F_UserNameVariable}</arg>
<doc>Types the given ``text`` into the text field identified by ``locator``.</doc>
<msg timestamp="20220816 12:35:31.426" level="INFO">Typing text 'Sameh TA01' into text field '//div//input[@id="username"]'.</msg>
<msg timestamp="20220816 12:35:31.590" level="WARN">Keyword 'Capture Page Screenshot' could not be run on failure: Message: no such window: target window already closed
from unknown error: web view not found
  (Session info: chrome=104.0.5112.81)
</msg>
<msg timestamp="20220816 12:35:31.596" level="FAIL">NoSuchWindowException: Message: no such window: target window already closed
from unknown error: web view not found
  (Session info: chrome=104.0.5112.81)
</msg>
<status status="FAIL" starttime="20220816 12:35:31.424" endtime="20220816 12:35:31.599"/>
</kw>
<kw name="Input Text" library="SeleniumLibrary">
<arg>${F_UserName_LogIn}</arg>
<arg>${F_UserNameVariable}</arg>
<doc>Types the given ``text`` into the text field identified by ``locator``.</doc>
<msg timestamp="20220816 12:35:32.605" level="INFO">Typing text 'Sameh TA01' into text field '//div//input[@id="username"]'.</msg>
<msg timestamp="20220816 12:35:32.759" level="WARN">Keyword 'Capture Page Screenshot' could not be run on failure: Message: no such window: target window already closed
from unknown error: web view not found
  (Session info: chrome=104.0.5112.81)
</msg>
<msg timestamp="20220816 12:35:32.764" level="FAIL">NoSuchWindowException: Message: no such window: target window already closed
from unknown error: web view not found
  (Session info: chrome=104.0.5112.81)
</msg>
<status status="FAIL" starttime="20220816 12:35:32.603" endtime="20220816 12:35:32.766"/>
</kw>
<kw name="Input Text" library="SeleniumLibrary">
<arg>${F_UserName_LogIn}</arg>
<arg>${F_UserNameVariable}</arg>
<doc>Types the given ``text`` into the text field identified by ``locator``.</doc>
<msg timestamp="20220816 12:35:33.772" level="INFO">Typing text 'Sameh TA01' into text field '//div//input[@id="username"]'.</msg>
<msg timestamp="20220816 12:35:33.936" level="WARN">Keyword 'Capture Page Screenshot' could not be run on failure: Message: no such window: target window already closed
from unknown error: web view not found
  (Session info: chrome=104.0.5112.81)
</msg>
<msg timestamp="20220816 12:35:33.942" level="FAIL">NoSuchWindowException: Message: no such window: target window already closed
from unknown error: web view not found
  (Session info: chrome=104.0.5112.81)
</msg>
<status status="FAIL" starttime="20220816 12:35:33.770" endtime="20220816 12:35:33.946"/>
</kw>
<kw name="Input Text" library="SeleniumLibrary">
<arg>${F_UserName_LogIn}</arg>
<arg>${F_UserNameVariable}</arg>
<doc>Types the given ``text`` into the text field identified by ``locator``.</doc>
<msg timestamp="20220816 12:35:34.955" level="INFO">Typing text 'Sameh TA01' into text field '//div//input[@id="username"]'.</msg>
<msg timestamp="20220816 12:35:35.061" level="WARN">Keyword 'Capture Page Screenshot' could not be run on failure: Message: no such window: target window already closed
from unknown error: web view not found
  (Session info: chrome=104.0.5112.81)
</msg>
<msg timestamp="20220816 12:35:35.066" level="FAIL">NoSuchWindowException: Message: no such window: target window already closed
from unknown error: web view not found
  (Session info: chrome=104.0.5112.81)
</msg>
<status status="FAIL" starttime="20220816 12:35:34.954" endtime="20220816 12:35:35.069"/>
</kw>
<kw name="Input Text" library="SeleniumLibrary">
<arg>${F_UserName_LogIn}</arg>
<arg>${F_UserNameVariable}</arg>
<doc>Types the given ``text`` into the text field identified by ``locator``.</doc>
<msg timestamp="20220816 12:35:36.076" level="INFO">Typing text 'Sameh TA01' into text field '//div//input[@id="username"]'.</msg>
<msg timestamp="20220816 12:35:36.254" level="WARN">Keyword 'Capture Page Screenshot' could not be run on failure: Message: no such window: target window already closed
from unknown error: web view not found
  (Session info: chrome=104.0.5112.81)
</msg>
<msg timestamp="20220816 12:35:36.262" level="FAIL">NoSuchWindowException: Message: no such window: target window already closed
from unknown error: web view not found
  (Session info: chrome=104.0.5112.81)
</msg>
<status status="FAIL" starttime="20220816 12:35:36.074" endtime="20220816 12:35:36.266"/>
</kw>
<kw name="Input Text" library="SeleniumLibrary">
<arg>${F_UserName_LogIn}</arg>
<arg>${F_UserNameVariable}</arg>
<doc>Types the given ``text`` into the text field identified by ``locator``.</doc>
<msg timestamp="20220816 12:35:37.283" level="INFO">Typing text 'Sameh TA01' into text field '//div//input[@id="username"]'.</msg>
<msg timestamp="20220816 12:35:37.433" level="WARN">Keyword 'Capture Page Screenshot' could not be run on failure: Message: no such window: target window already closed
from unknown error: web view not found
  (Session info: chrome=104.0.5112.81)
</msg>
<msg timestamp="20220816 12:35:37.437" level="FAIL">NoSuchWindowException: Message: no such window: target window already closed
from unknown error: web view not found
  (Session info: chrome=104.0.5112.81)
</msg>
<status status="FAIL" starttime="20220816 12:35:37.281" endtime="20220816 12:35:37.440"/>
</kw>
<kw name="Input Text" library="SeleniumLibrary">
<arg>${F_UserName_LogIn}</arg>
<arg>${F_UserNameVariable}</arg>
<doc>Types the given ``text`` into the text field identified by ``locator``.</doc>
<msg timestamp="20220816 12:35:38.450" level="INFO">Typing text 'Sameh TA01' into text field '//div//input[@id="username"]'.</msg>
<msg timestamp="20220816 12:35:38.631" level="WARN">Keyword 'Capture Page Screenshot' could not be run on failure: Message: no such window: target window already closed
from unknown error: web view not found
  (Session info: chrome=104.0.5112.81)
</msg>
<msg timestamp="20220816 12:35:38.637" level="FAIL">NoSuchWindowException: Message: no such window: target window already closed
from unknown error: web view not found
  (Session info: chrome=104.0.5112.81)
</msg>
<status status="FAIL" starttime="20220816 12:35:38.448" endtime="20220816 12:35:38.640"/>
</kw>
<kw name="Input Text" library="SeleniumLibrary">
<arg>${F_UserName_LogIn}</arg>
<arg>${F_UserNameVariable}</arg>
<doc>Types the given ``text`` into the text field identified by ``locator``.</doc>
<msg timestamp="20220816 12:35:39.648" level="INFO">Typing text 'Sameh TA01' into text field '//div//input[@id="username"]'.</msg>
<msg timestamp="20220816 12:35:39.797" level="WARN">Keyword 'Capture Page Screenshot' could not be run on failure: Message: no such window: target window already closed
from unknown error: web view not found
  (Session info: chrome=104.0.5112.81)
</msg>
<msg timestamp="20220816 12:35:39.801" level="FAIL">NoSuchWindowException: Message: no such window: target window already closed
from unknown error: web view not found
  (Session info: chrome=104.0.5112.81)
</msg>
<status status="FAIL" starttime="20220816 12:35:39.646" endtime="20220816 12:35:39.802"/>
</kw>
<kw name="Input Text" library="SeleniumLibrary">
<arg>${F_UserName_LogIn}</arg>
<arg>${F_UserNameVariable}</arg>
<doc>Types the given ``text`` into the text field identified by ``locator``.</doc>
<msg timestamp="20220816 12:35:40.816" level="INFO">Typing text 'Sameh TA01' into text field '//div//input[@id="username"]'.</msg>
<msg timestamp="20220816 12:35:40.927" level="WARN">Keyword 'Capture Page Screenshot' could not be run on failure: Message: no such window: target window already closed
from unknown error: web view not found
  (Session info: chrome=104.0.5112.81)
</msg>
<msg timestamp="20220816 12:35:40.930" level="FAIL">NoSuchWindowException: Message: no such window: target window already closed
from unknown error: web view not found
  (Session info: chrome=104.0.5112.81)
</msg>
<status status="FAIL" starttime="20220816 12:35:40.813" endtime="20220816 12:35:40.931"/>
</kw>
<kw name="Input Text" library="SeleniumLibrary">
<arg>${F_UserName_LogIn}</arg>
<arg>${F_UserNameVariable}</arg>
<doc>Types the given ``text`` into the text field identified by ``locator``.</doc>
<msg timestamp="20220816 12:35:41.934" level="INFO">Typing text 'Sameh TA01' into text field '//div//input[@id="username"]'.</msg>
<msg timestamp="20220816 12:35:42.072" level="WARN">Keyword 'Capture Page Screenshot' could not be run on failure: Message: no such window: target window already closed
from unknown error: web view not found
  (Session info: chrome=104.0.5112.81)
</msg>
<msg timestamp="20220816 12:35:42.075" level="FAIL">NoSuchWindowException: Message: no such window: target window already closed
from unknown error: web view not found
  (Session info: chrome=104.0.5112.81)
</msg>
<status status="FAIL" starttime="20220816 12:35:41.933" endtime="20220816 12:35:42.078"/>
</kw>
<kw name="Input Text" library="SeleniumLibrary">
<arg>${F_UserName_LogIn}</arg>
<arg>${F_UserNameVariable}</arg>
<doc>Types the given ``text`` into the text field identified by ``locator``.</doc>
<msg timestamp="20220816 12:35:43.095" level="INFO">Typing text 'Sameh TA01' into text field '//div//input[@id="username"]'.</msg>
<msg timestamp="20220816 12:35:43.268" level="WARN">Keyword 'Capture Page Screenshot' could not be run on failure: Message: no such window: target window already closed
from unknown error: web view not found
  (Session info: chrome=104.0.5112.81)
</msg>
<msg timestamp="20220816 12:35:43.273" level="FAIL">NoSuchWindowException: Message: no such window: target window already closed
from unknown error: web view not found
  (Session info: chrome=104.0.5112.81)
</msg>
<status status="FAIL" starttime="20220816 12:35:43.094" endtime="20220816 12:35:43.277"/>
</kw>
<kw name="Input Text" library="SeleniumLibrary">
<arg>${F_UserName_LogIn}</arg>
<arg>${F_UserNameVariable}</arg>
<doc>Types the given ``text`` into the text field identified by ``locator``.</doc>
<msg timestamp="20220816 12:35:44.282" level="INFO">Typing text 'Sameh TA01' into text field '//div//input[@id="username"]'.</msg>
<msg timestamp="20220816 12:35:44.447" level="WARN">Keyword 'Capture Page Screenshot' could not be run on failure: Message: no such window: target window already closed
from unknown error: web view not found
  (Session info: chrome=104.0.5112.81)
</msg>
<msg timestamp="20220816 12:35:44.452" level="FAIL">NoSuchWindowException: Message: no such window: target window already closed
from unknown error: web view not found
  (Session info: chrome=104.0.5112.81)
</msg>
<status status="FAIL" starttime="20220816 12:35:44.280" endtime="20220816 12:35:44.455"/>
</kw>
<kw name="Input Text" library="SeleniumLibrary">
<arg>${F_UserName_LogIn}</arg>
<arg>${F_UserNameVariable}</arg>
<doc>Types the given ``text`` into the text field identified by ``locator``.</doc>
<msg timestamp="20220816 12:35:45.465" level="INFO">Typing text 'Sameh TA01' into text field '//div//input[@id="username"]'.</msg>
<msg timestamp="20220816 12:35:45.591" level="WARN">Keyword 'Capture Page Screenshot' could not be run on failure: Message: no such window: target window already closed
from unknown error: web view not found
  (Session info: chrome=104.0.5112.81)
</msg>
<msg timestamp="20220816 12:35:45.594" level="FAIL">NoSuchWindowException: Message: no such window: target window already closed
from unknown error: web view not found
  (Session info: chrome=104.0.5112.81)
</msg>
<status status="FAIL" starttime="20220816 12:35:45.463" endtime="20220816 12:35:45.595"/>
</kw>
<kw name="Input Text" library="SeleniumLibrary">
<arg>${F_UserName_LogIn}</arg>
<arg>${F_UserNameVariable}</arg>
<doc>Types the given ``text`` into the text field identified by ``locator``.</doc>
<msg timestamp="20220816 12:35:46.602" level="INFO">Typing text 'Sameh TA01' into text field '//div//input[@id="username"]'.</msg>
<msg timestamp="20220816 12:35:46.755" level="WARN">Keyword 'Capture Page Screenshot' could not be run on failure: Message: no such window: target window already closed
from unknown error: web view not found
  (Session info: chrome=104.0.5112.81)
</msg>
<msg timestamp="20220816 12:35:46.761" level="FAIL">NoSuchWindowException: Message: no such window: target window already closed
from unknown error: web view not found
  (Session info: chrome=104.0.5112.81)
</msg>
<status status="FAIL" starttime="20220816 12:35:46.600" endtime="20220816 12:35:46.763"/>
</kw>
<kw name="Input Text" library="SeleniumLibrary">
<arg>${F_UserName_LogIn}</arg>
<arg>${F_UserNameVariable}</arg>
<doc>Types the given ``text`` into the text field identified by ``locator``.</doc>
<msg timestamp="20220816 12:35:47.781" level="INFO">Typing text 'Sameh TA01' into text field '//div//input[@id="username"]'.</msg>
<msg timestamp="20220816 12:35:47.961" level="WARN">Keyword 'Capture Page Screenshot' could not be run on failure: Message: no such window: target window already closed
from unknown error: web view not found
  (Session info: chrome=104.0.5112.81)
</msg>
<msg timestamp="20220816 12:35:47.967" level="FAIL">NoSuchWindowException: Message: no such window: target window already closed
from unknown error: web view not found
  (Session info: chrome=104.0.5112.81)
</msg>
<status status="FAIL" starttime="20220816 12:35:47.779" endtime="20220816 12:35:47.970"/>
</kw>
<kw name="Input Text" library="SeleniumLibrary">
<arg>${F_UserName_LogIn}</arg>
<arg>${F_UserNameVariable}</arg>
<doc>Types the given ``text`` into the text field identified by ``locator``.</doc>
<msg timestamp="20220816 12:35:48.978" level="INFO">Typing text 'Sameh TA01' into text field '//div//input[@id="username"]'.</msg>
<msg timestamp="20220816 12:35:49.143" level="WARN">Keyword 'Capture Page Screenshot' could not be run on failure: Message: no such window: target window already closed
from unknown error: web view not found
  (Session info: chrome=104.0.5112.81)
</msg>
<msg timestamp="20220816 12:35:49.148" level="FAIL">NoSuchWindowException: Message: no such window: target window already closed
from unknown error: web view not found
  (Session info: chrome=104.0.5112.81)
</msg>
<status status="FAIL" starttime="20220816 12:35:48.976" endtime="20220816 12:35:49.151"/>
</kw>
<kw name="Input Text" library="SeleniumLibrary">
<arg>${F_UserName_LogIn}</arg>
<arg>${F_UserNameVariable}</arg>
<doc>Types the given ``text`` into the text field identified by ``locator``.</doc>
<msg timestamp="20220816 12:35:50.163" level="INFO">Typing text 'Sameh TA01' into text field '//div//input[@id="username"]'.</msg>
<msg timestamp="20220816 12:35:50.295" level="WARN">Keyword 'Capture Page Screenshot' could not be run on failure: Message: no such window: target window already closed
from unknown error: web view not found
  (Session info: chrome=104.0.5112.81)
</msg>
<msg timestamp="20220816 12:35:50.297" level="FAIL">NoSuchWindowException: Message: no such window: target window already closed
from unknown error: web view not found
  (Session info: chrome=104.0.5112.81)
</msg>
<status status="FAIL" starttime="20220816 12:35:50.161" endtime="20220816 12:35:50.299"/>
</kw>
<kw name="Input Text" library="SeleniumLibrary">
<arg>${F_UserName_LogIn}</arg>
<arg>${F_UserNameVariable}</arg>
<doc>Types the given ``text`` into the text field identified by ``locator``.</doc>
<msg timestamp="20220816 12:35:51.310" level="INFO">Typing text 'Sameh TA01' into text field '//div//input[@id="username"]'.</msg>
<msg timestamp="20220816 12:35:51.469" level="WARN">Keyword 'Capture Page Screenshot' could not be run on failure: Message: no such window: target window already closed
from unknown error: web view not found
  (Session info: chrome=104.0.5112.81)
</msg>
<msg timestamp="20220816 12:35:51.476" level="FAIL">NoSuchWindowException: Message: no such window: target window already closed
from unknown error: web view not found
  (Session info: chrome=104.0.5112.81)
</msg>
<status status="FAIL" starttime="20220816 12:35:51.308" endtime="20220816 12:35:51.479"/>
</kw>
<kw name="Input Text" library="SeleniumLibrary">
<arg>${F_UserName_LogIn}</arg>
<arg>${F_UserNameVariable}</arg>
<doc>Types the given ``text`` into the text field identified by ``locator``.</doc>
<msg timestamp="20220816 12:35:52.488" level="INFO">Typing text 'Sameh TA01' into text field '//div//input[@id="username"]'.</msg>
<msg timestamp="20220816 12:35:52.653" level="WARN">Keyword 'Capture Page Screenshot' could not be run on failure: Message: no such window: target window already closed
from unknown error: web view not found
  (Session info: chrome=104.0.5112.81)
</msg>
<msg timestamp="20220816 12:35:52.660" level="FAIL">NoSuchWindowException: Message: no such window: target window already closed
from unknown error: web view not found
  (Session info: chrome=104.0.5112.81)
</msg>
<status status="FAIL" starttime="20220816 12:35:52.486" endtime="20220816 12:35:52.663"/>
</kw>
<kw name="Input Text" library="SeleniumLibrary">
<arg>${F_UserName_LogIn}</arg>
<arg>${F_UserNameVariable}</arg>
<doc>Types the given ``text`` into the text field identified by ``locator``.</doc>
<msg timestamp="20220816 12:35:53.680" level="INFO">Typing text 'Sameh TA01' into text field '//div//input[@id="username"]'.</msg>
<msg timestamp="20220816 12:35:53.858" level="WARN">Keyword 'Capture Page Screenshot' could not be run on failure: Message: no such window: target window already closed
from unknown error: web view not found
  (Session info: chrome=104.0.5112.81)
</msg>
<msg timestamp="20220816 12:35:53.863" level="FAIL">NoSuchWindowException: Message: no such window: target window already closed
from unknown error: web view not found
  (Session info: chrome=104.0.5112.81)
</msg>
<status status="FAIL" starttime="20220816 12:35:53.676" endtime="20220816 12:35:53.866"/>
</kw>
<kw name="Input Text" library="SeleniumLibrary">
<arg>${F_UserName_LogIn}</arg>
<arg>${F_UserNameVariable}</arg>
<doc>Types the given ``text`` into the text field identified by ``locator``.</doc>
<msg timestamp="20220816 12:35:54.876" level="INFO">Typing text 'Sameh TA01' into text field '//div//input[@id="username"]'.</msg>
<msg timestamp="20220816 12:35:55.054" level="WARN">Keyword 'Capture Page Screenshot' could not be run on failure: Message: no such window: target window already closed
from unknown error: web view not found
  (Session info: chrome=104.0.5112.81)
</msg>
<msg timestamp="20220816 12:35:55.062" level="FAIL">NoSuchWindowException: Message: no such window: target window already closed
from unknown error: web view not found
  (Session info: chrome=104.0.5112.81)
</msg>
<status status="FAIL" starttime="20220816 12:35:54.874" endtime="20220816 12:35:55.066"/>
</kw>
<kw name="Input Text" library="SeleniumLibrary">
<arg>${F_UserName_LogIn}</arg>
<arg>${F_UserNameVariable}</arg>
<doc>Types the given ``text`` into the text field identified by ``locator``.</doc>
<msg timestamp="20220816 12:35:56.084" level="INFO">Typing text 'Sameh TA01' into text field '//div//input[@id="username"]'.</msg>
<msg timestamp="20220816 12:35:56.258" level="WARN">Keyword 'Capture Page Screenshot' could not be run on failure: Message: no such window: target window already closed
from unknown error: web view not found
  (Session info: chrome=104.0.5112.81)
</msg>
<msg timestamp="20220816 12:35:56.266" level="FAIL">NoSuchWindowException: Message: no such window: target window already closed
from unknown error: web view not found
  (Session info: chrome=104.0.5112.81)
</msg>
<status status="FAIL" starttime="20220816 12:35:56.082" endtime="20220816 12:35:56.270"/>
</kw>
<kw name="Input Text" library="SeleniumLibrary">
<arg>${F_UserName_LogIn}</arg>
<arg>${F_UserNameVariable}</arg>
<doc>Types the given ``text`` into the text field identified by ``locator``.</doc>
<msg timestamp="20220816 12:35:57.282" level="INFO">Typing text 'Sameh TA01' into text field '//div//input[@id="username"]'.</msg>
<msg timestamp="20220816 12:35:57.381" level="WARN">Keyword 'Capture Page Screenshot' could not be run on failure: Message: no such window: target window already closed
from unknown error: web view not found
  (Session info: chrome=104.0.5112.81)
</msg>
<msg timestamp="20220816 12:35:57.384" level="FAIL">NoSuchWindowException: Message: no such window: target window already closed
from unknown error: web view not found
  (Session info: chrome=104.0.5112.81)
</msg>
<status status="FAIL" starttime="20220816 12:35:57.280" endtime="20220816 12:35:57.385"/>
</kw>
<kw name="Input Text" library="SeleniumLibrary">
<arg>${F_UserName_LogIn}</arg>
<arg>${F_UserNameVariable}</arg>
<doc>Types the given ``text`` into the text field identified by ``locator``.</doc>
<msg timestamp="20220816 12:35:58.405" level="INFO">Typing text 'Sameh TA01' into text field '//div//input[@id="username"]'.</msg>
<msg timestamp="20220816 12:35:58.568" level="WARN">Keyword 'Capture Page Screenshot' could not be run on failure: Message: no such window: target window already closed
from unknown error: web view not found
  (Session info: chrome=104.0.5112.81)
</msg>
<msg timestamp="20220816 12:35:58.574" level="FAIL">NoSuchWindowException: Message: no such window: target window already closed
from unknown error: web view not found
  (Session info: chrome=104.0.5112.81)
</msg>
<status status="FAIL" starttime="20220816 12:35:58.401" endtime="20220816 12:35:58.578"/>
</kw>
<kw name="Input Text" library="SeleniumLibrary">
<arg>${F_UserName_LogIn}</arg>
<arg>${F_UserNameVariable}</arg>
<doc>Types the given ``text`` into the text field identified by ``locator``.</doc>
<msg timestamp="20220816 12:35:59.588" level="INFO">Typing text 'Sameh TA01' into text field '//div//input[@id="username"]'.</msg>
<msg timestamp="20220816 12:35:59.740" level="WARN">Keyword 'Capture Page Screenshot' could not be run on failure: Message: no such window: target window already closed
from unknown error: web view not found
  (Session info: chrome=104.0.5112.81)
</msg>
<msg timestamp="20220816 12:35:59.746" level="FAIL">NoSuchWindowException: Message: no such window: target window already closed
from unknown error: web view not found
  (Session info: chrome=104.0.5112.81)
</msg>
<status status="FAIL" starttime="20220816 12:35:59.586" endtime="20220816 12:35:59.749"/>
</kw>
<kw name="Input Text" library="SeleniumLibrary">
<arg>${F_UserName_LogIn}</arg>
<arg>${F_UserNameVariable}</arg>
<doc>Types the given ``text`` into the text field identified by ``locator``.</doc>
<msg timestamp="20220816 12:36:00.753" level="INFO">Typing text 'Sameh TA01' into text field '//div//input[@id="username"]'.</msg>
<msg timestamp="20220816 12:36:00.911" level="WARN">Keyword 'Capture Page Screenshot' could not be run on failure: Message: no such window: target window already closed
from unknown error: web view not found
  (Session info: chrome=104.0.5112.81)
</msg>
<msg timestamp="20220816 12:36:00.916" level="FAIL">NoSuchWindowException: Message: no such window: target window already closed
from unknown error: web view not found
  (Session info: chrome=104.0.5112.81)
</msg>
<status status="FAIL" starttime="20220816 12:36:00.751" endtime="20220816 12:36:00.919"/>
</kw>
<kw name="Input Text" library="SeleniumLibrary">
<arg>${F_UserName_LogIn}</arg>
<arg>${F_UserNameVariable}</arg>
<doc>Types the given ``text`` into the text field identified by ``locator``.</doc>
<msg timestamp="20220816 12:36:01.927" level="INFO">Typing text 'Sameh TA01' into text field '//div//input[@id="username"]'.</msg>
<msg timestamp="20220816 12:36:02.088" level="WARN">Keyword 'Capture Page Screenshot' could not be run on failure: Message: no such window: target window already closed
from unknown error: web view not found
  (Session info: chrome=104.0.5112.81)
</msg>
<msg timestamp="20220816 12:36:02.094" level="FAIL">NoSuchWindowException: Message: no such window: target window already closed
from unknown error: web view not found
  (Session info: chrome=104.0.5112.81)
</msg>
<status status="FAIL" starttime="20220816 12:36:01.925" endtime="20220816 12:36:02.098"/>
</kw>
<kw name="Input Text" library="SeleniumLibrary">
<arg>${F_UserName_LogIn}</arg>
<arg>${F_UserNameVariable}</arg>
<doc>Types the given ``text`` into the text field identified by ``locator``.</doc>
<msg timestamp="20220816 12:36:03.103" level="INFO">Typing text 'Sameh TA01' into text field '//div//input[@id="username"]'.</msg>
<msg timestamp="20220816 12:36:03.249" level="WARN">Keyword 'Capture Page Screenshot' could not be run on failure: Message: no such window: target window already closed
from unknown error: web view not found
  (Session info: chrome=104.0.5112.81)
</msg>
<msg timestamp="20220816 12:36:03.254" level="FAIL">NoSuchWindowException: Message: no such window: target window already closed
from unknown error: web view not found
  (Session info: chrome=104.0.5112.81)
</msg>
<status status="FAIL" starttime="20220816 12:36:03.101" endtime="20220816 12:36:03.256"/>
</kw>
<kw name="Input Text" library="SeleniumLibrary">
<arg>${F_UserName_LogIn}</arg>
<arg>${F_UserNameVariable}</arg>
<doc>Types the given ``text`` into the text field identified by ``locator``.</doc>
<msg timestamp="20220816 12:36:04.269" level="INFO">Typing text 'Sameh TA01' into text field '//div//input[@id="username"]'.</msg>
<msg timestamp="20220816 12:36:04.434" level="WARN">Keyword 'Capture Page Screenshot' could not be run on failure: Message: no such window: target window already closed
from unknown error: web view not found
  (Session info: chrome=104.0.5112.81)
</msg>
<msg timestamp="20220816 12:36:04.440" level="FAIL">NoSuchWindowException: Message: no such window: target window already closed
from unknown error: web view not found
  (Session info: chrome=104.0.5112.81)
</msg>
<status status="FAIL" starttime="20220816 12:36:04.267" endtime="20220816 12:36:04.443"/>
</kw>
<kw name="Input Text" library="SeleniumLibrary">
<arg>${F_UserName_LogIn}</arg>
<arg>${F_UserNameVariable}</arg>
<doc>Types the given ``text`` into the text field identified by ``locator``.</doc>
<msg timestamp="20220816 12:36:05.455" level="INFO">Typing text 'Sameh TA01' into text field '//div//input[@id="username"]'.</msg>
<msg timestamp="20220816 12:36:05.593" level="WARN">Keyword 'Capture Page Screenshot' could not be run on failure: Message: no such window: target window already closed
from unknown error: web view not found
  (Session info: chrome=104.0.5112.81)
</msg>
<msg timestamp="20220816 12:36:05.596" level="FAIL">NoSuchWindowException: Message: no such window: target window already closed
from unknown error: web view not found
  (Session info: chrome=104.0.5112.81)
</msg>
<status status="FAIL" starttime="20220816 12:36:05.453" endtime="20220816 12:36:05.597"/>
</kw>
<kw name="Input Text" library="SeleniumLibrary">
<arg>${F_UserName_LogIn}</arg>
<arg>${F_UserNameVariable}</arg>
<doc>Types the given ``text`` into the text field identified by ``locator``.</doc>
<msg timestamp="20220816 12:36:06.609" level="INFO">Typing text 'Sameh TA01' into text field '//div//input[@id="username"]'.</msg>
<msg timestamp="20220816 12:36:06.735" level="WARN">Keyword 'Capture Page Screenshot' could not be run on failure: Message: no such window: target window already closed
from unknown error: web view not found
  (Session info: chrome=104.0.5112.81)
</msg>
<msg timestamp="20220816 12:36:06.737" level="FAIL">NoSuchWindowException: Message: no such window: target window already closed
from unknown error: web view not found
  (Session info: chrome=104.0.5112.81)
</msg>
<status status="FAIL" starttime="20220816 12:36:06.607" endtime="20220816 12:36:06.739"/>
</kw>
<kw name="Input Text" library="SeleniumLibrary">
<arg>${F_UserName_LogIn}</arg>
<arg>${F_UserNameVariable}</arg>
<doc>Types the given ``text`` into the text field identified by ``locator``.</doc>
<msg timestamp="20220816 12:36:07.755" level="INFO">Typing text 'Sameh TA01' into text field '//div//input[@id="username"]'.</msg>
<msg timestamp="20220816 12:36:07.877" level="WARN">Keyword 'Capture Page Screenshot' could not be run on failure: Message: no such window: target window already closed
from unknown error: web view not found
  (Session info: chrome=104.0.5112.81)
</msg>
<msg timestamp="20220816 12:36:07.879" level="FAIL">NoSuchWindowException: Message: no such window: target window already closed
from unknown error: web view not found
  (Session info: chrome=104.0.5112.81)
</msg>
<status status="FAIL" starttime="20220816 12:36:07.753" endtime="20220816 12:36:07.880"/>
</kw>
<kw name="Input Text" library="SeleniumLibrary">
<arg>${F_UserName_LogIn}</arg>
<arg>${F_UserNameVariable}</arg>
<doc>Types the given ``text`` into the text field identified by ``locator``.</doc>
<msg timestamp="20220816 12:36:08.887" level="INFO">Typing text 'Sameh TA01' into text field '//div//input[@id="username"]'.</msg>
<msg timestamp="20220816 12:36:09.043" level="WARN">Keyword 'Capture Page Screenshot' could not be run on failure: Message: no such window: target window already closed
from unknown error: web view not found
  (Session info: chrome=104.0.5112.81)
</msg>
<msg timestamp="20220816 12:36:09.047" level="FAIL">NoSuchWindowException: Message: no such window: target window already closed
from unknown error: web view not found
  (Session info: chrome=104.0.5112.81)
</msg>
<status status="FAIL" starttime="20220816 12:36:08.886" endtime="20220816 12:36:09.049"/>
</kw>
<kw name="Input Text" library="SeleniumLibrary">
<arg>${F_UserName_LogIn}</arg>
<arg>${F_UserNameVariable}</arg>
<doc>Types the given ``text`` into the text field identified by ``locator``.</doc>
<msg timestamp="20220816 12:36:10.061" level="INFO">Typing text 'Sameh TA01' into text field '//div//input[@id="username"]'.</msg>
<msg timestamp="20220816 12:36:10.214" level="WARN">Keyword 'Capture Page Screenshot' could not be run on failure: Message: no such window: target window already closed
from unknown error: web view not found
  (Session info: chrome=104.0.5112.81)
</msg>
<msg timestamp="20220816 12:36:10.219" level="FAIL">NoSuchWindowException: Message: no such window: target window already closed
from unknown error: web view not found
  (Session info: chrome=104.0.5112.81)
</msg>
<status status="FAIL" starttime="20220816 12:36:10.059" endtime="20220816 12:36:10.222"/>
</kw>
<kw name="Input Text" library="SeleniumLibrary">
<arg>${F_UserName_LogIn}</arg>
<arg>${F_UserNameVariable}</arg>
<doc>Types the given ``text`` into the text field identified by ``locator``.</doc>
<msg timestamp="20220816 12:36:11.237" level="INFO">Typing text 'Sameh TA01' into text field '//div//input[@id="username"]'.</msg>
<msg timestamp="20220816 12:36:11.393" level="WARN">Keyword 'Capture Page Screenshot' could not be run on failure: Message: no such window: target window already closed
from unknown error: web view not found
  (Session info: chrome=104.0.5112.81)
</msg>
<msg timestamp="20220816 12:36:11.398" level="FAIL">NoSuchWindowException: Message: no such window: target window already closed
from unknown error: web view not found
  (Session info: chrome=104.0.5112.81)
</msg>
<status status="FAIL" starttime="20220816 12:36:11.235" endtime="20220816 12:36:11.401"/>
</kw>
<kw name="Input Text" library="SeleniumLibrary">
<arg>${F_UserName_LogIn}</arg>
<arg>${F_UserNameVariable}</arg>
<doc>Types the given ``text`` into the text field identified by ``locator``.</doc>
<msg timestamp="20220816 12:36:12.404" level="INFO">Typing text 'Sameh TA01' into text field '//div//input[@id="username"]'.</msg>
<msg timestamp="20220816 12:36:12.548" level="WARN">Keyword 'Capture Page Screenshot' could not be run on failure: Message: no such window: target window already closed
from unknown error: web view not found
  (Session info: chrome=104.0.5112.81)
</msg>
<msg timestamp="20220816 12:36:12.553" level="FAIL">NoSuchWindowException: Message: no such window: target window already closed
from unknown error: web view not found
  (Session info: chrome=104.0.5112.81)
</msg>
<status status="FAIL" starttime="20220816 12:36:12.402" endtime="20220816 12:36:12.556"/>
</kw>
<kw name="Input Text" library="SeleniumLibrary">
<arg>${F_UserName_LogIn}</arg>
<arg>${F_UserNameVariable}</arg>
<doc>Types the given ``text`` into the text field identified by ``locator``.</doc>
<msg timestamp="20220816 12:36:13.571" level="INFO">Typing text 'Sameh TA01' into text field '//div//input[@id="username"]'.</msg>
<msg timestamp="20220816 12:36:13.727" level="WARN">Keyword 'Capture Page Screenshot' could not be run on failure: Message: no such window: target window already closed
from unknown error: web view not found
  (Session info: chrome=104.0.5112.81)
</msg>
<msg timestamp="20220816 12:36:13.732" level="FAIL">NoSuchWindowException: Message: no such window: target window already closed
from unknown error: web view not found
  (Session info: chrome=104.0.5112.81)
</msg>
<status status="FAIL" starttime="20220816 12:36:13.569" endtime="20220816 12:36:13.735"/>
</kw>
<kw name="Input Text" library="SeleniumLibrary">
<arg>${F_UserName_LogIn}</arg>
<arg>${F_UserNameVariable}</arg>
<doc>Types the given ``text`` into the text field identified by ``locator``.</doc>
<msg timestamp="20220816 12:36:14.749" level="INFO">Typing text 'Sameh TA01' into text field '//div//input[@id="username"]'.</msg>
<msg timestamp="20220816 12:36:14.900" level="WARN">Keyword 'Capture Page Screenshot' could not be run on failure: Message: no such window: target window already closed
from unknown error: web view not found
  (Session info: chrome=104.0.5112.81)
</msg>
<msg timestamp="20220816 12:36:14.906" level="FAIL">NoSuchWindowException: Message: no such window: target window already closed
from unknown error: web view not found
  (Session info: chrome=104.0.5112.81)
</msg>
<status status="FAIL" starttime="20220816 12:36:14.747" endtime="20220816 12:36:14.910"/>
</kw>
<kw name="Input Text" library="SeleniumLibrary">
<arg>${F_UserName_LogIn}</arg>
<arg>${F_UserNameVariable}</arg>
<doc>Types the given ``text`` into the text field identified by ``locator``.</doc>
<msg timestamp="20220816 12:36:15.918" level="INFO">Typing text 'Sameh TA01' into text field '//div//input[@id="username"]'.</msg>
<msg timestamp="20220816 12:36:16.068" level="WARN">Keyword 'Capture Page Screenshot' could not be run on failure: Message: no such window: target window already closed
from unknown error: web view not found
  (Session info: chrome=104.0.5112.81)
</msg>
<msg timestamp="20220816 12:36:16.074" level="FAIL">NoSuchWindowException: Message: no such window: target window already closed
from unknown error: web view not found
  (Session info: chrome=104.0.5112.81)
</msg>
<status status="FAIL" starttime="20220816 12:36:15.916" endtime="20220816 12:36:16.078"/>
</kw>
<kw name="Input Text" library="SeleniumLibrary">
<arg>${F_UserName_LogIn}</arg>
<arg>${F_UserNameVariable}</arg>
<doc>Types the given ``text`` into the text field identified by ``locator``.</doc>
<msg timestamp="20220816 12:36:17.095" level="INFO">Typing text 'Sameh TA01' into text field '//div//input[@id="username"]'.</msg>
<msg timestamp="20220816 12:36:17.253" level="WARN">Keyword 'Capture Page Screenshot' could not be run on failure: Message: no such window: target window already closed
from unknown error: web view not found
  (Session info: chrome=104.0.5112.81)
</msg>
<msg timestamp="20220816 12:36:17.259" level="FAIL">NoSuchWindowException: Message: no such window: target window already closed
from unknown error: web view not found
  (Session info: chrome=104.0.5112.81)
</msg>
<status status="FAIL" starttime="20220816 12:36:17.092" endtime="20220816 12:36:17.263"/>
</kw>
<kw name="Input Text" library="SeleniumLibrary">
<arg>${F_UserName_LogIn}</arg>
<arg>${F_UserNameVariable}</arg>
<doc>Types the given ``text`` into the text field identified by ``locator``.</doc>
<msg timestamp="20220816 12:36:18.272" level="INFO">Typing text 'Sameh TA01' into text field '//div//input[@id="username"]'.</msg>
<msg timestamp="20220816 12:36:18.428" level="WARN">Keyword 'Capture Page Screenshot' could not be run on failure: Message: no such window: target window already closed
from unknown error: web view not found
  (Session info: chrome=104.0.5112.81)
</msg>
<msg timestamp="20220816 12:36:18.433" level="FAIL">NoSuchWindowException: Message: no such window: target window already closed
from unknown error: web view not found
  (Session info: chrome=104.0.5112.81)
</msg>
<status status="FAIL" starttime="20220816 12:36:18.270" endtime="20220816 12:36:18.436"/>
</kw>
<kw name="Input Text" library="SeleniumLibrary">
<arg>${F_UserName_LogIn}</arg>
<arg>${F_UserNameVariable}</arg>
<doc>Types the given ``text`` into the text field identified by ``locator``.</doc>
<msg timestamp="20220816 12:36:19.449" level="INFO">Typing text 'Sameh TA01' into text field '//div//input[@id="username"]'.</msg>
<msg timestamp="20220816 12:36:19.603" level="WARN">Keyword 'Capture Page Screenshot' could not be run on failure: Message: no such window: target window already closed
from unknown error: web view not found
  (Session info: chrome=104.0.5112.81)
</msg>
<msg timestamp="20220816 12:36:19.605" level="FAIL">NoSuchWindowException: Message: no such window: target window already closed
from unknown error: web view not found
  (Session info: chrome=104.0.5112.81)
</msg>
<status status="FAIL" starttime="20220816 12:36:19.447" endtime="20220816 12:36:19.607"/>
</kw>
<kw name="Input Text" library="SeleniumLibrary">
<arg>${F_UserName_LogIn}</arg>
<arg>${F_UserNameVariable}</arg>
<doc>Types the given ``text`` into the text field identified by ``locator``.</doc>
<msg timestamp="20220816 12:36:20.618" level="INFO">Typing text 'Sameh TA01' into text field '//div//input[@id="username"]'.</msg>
<msg timestamp="20220816 12:36:20.780" level="WARN">Keyword 'Capture Page Screenshot' could not be run on failure: Message: no such window: target window already closed
from unknown error: web view not found
  (Session info: chrome=104.0.5112.81)
</msg>
<msg timestamp="20220816 12:36:20.782" level="FAIL">NoSuchWindowException: Message: no such window: target window already closed
from unknown error: web view not found
  (Session info: chrome=104.0.5112.81)
</msg>
<status status="FAIL" starttime="20220816 12:36:20.616" endtime="20220816 12:36:20.783"/>
</kw>
<kw name="Input Text" library="SeleniumLibrary">
<arg>${F_UserName_LogIn}</arg>
<arg>${F_UserNameVariable}</arg>
<doc>Types the given ``text`` into the text field identified by ``locator``.</doc>
<msg timestamp="20220816 12:36:21.785" level="INFO">Typing text 'Sameh TA01' into text field '//div//input[@id="username"]'.</msg>
<msg timestamp="20220816 12:36:21.929" level="WARN">Keyword 'Capture Page Screenshot' could not be run on failure: Message: no such window: target window already closed
from unknown error: web view not found
  (Session info: chrome=104.0.5112.81)
</msg>
<msg timestamp="20220816 12:36:21.934" level="FAIL">NoSuchWindowException: Message: no such window: target window already closed
from unknown error: web view not found
  (Session info: chrome=104.0.5112.81)
</msg>
<status status="FAIL" starttime="20220816 12:36:21.783" endtime="20220816 12:36:21.937"/>
</kw>
<kw name="Input Text" library="SeleniumLibrary">
<arg>${F_UserName_LogIn}</arg>
<arg>${F_UserNameVariable}</arg>
<doc>Types the given ``text`` into the text field identified by ``locator``.</doc>
<msg timestamp="20220816 12:36:22.952" level="INFO">Typing text 'Sameh TA01' into text field '//div//input[@id="username"]'.</msg>
<msg timestamp="20220816 12:36:23.096" level="WARN">Keyword 'Capture Page Screenshot' could not be run on failure: Message: no such window: target window already closed
from unknown error: web view not found
  (Session info: chrome=104.0.5112.81)
</msg>
<msg timestamp="20220816 12:36:23.101" level="FAIL">NoSuchWindowException: Message: no such window: target window already closed
from unknown error: web view not found
  (Session info: chrome=104.0.5112.81)
</msg>
<status status="FAIL" starttime="20220816 12:36:22.950" endtime="20220816 12:36:23.103"/>
</kw>
<kw name="Input Text" library="SeleniumLibrary">
<arg>${F_UserName_LogIn}</arg>
<arg>${F_UserNameVariable}</arg>
<doc>Types the given ``text`` into the text field identified by ``locator``.</doc>
<msg timestamp="20220816 12:36:24.109" level="INFO">Typing text 'Sameh TA01' into text field '//div//input[@id="username"]'.</msg>
<msg timestamp="20220816 12:36:24.253" level="WARN">Keyword 'Capture Page Screenshot' could not be run on failure: Message: no such window: target window already closed
from unknown error: web view not found
  (Session info: chrome=104.0.5112.81)
</msg>
<msg timestamp="20220816 12:36:24.258" level="FAIL">NoSuchWindowException: Message: no such window: target window already closed
from unknown error: web view not found
  (Session info: chrome=104.0.5112.81)
</msg>
<status status="FAIL" starttime="20220816 12:36:24.106" endtime="20220816 12:36:24.261"/>
</kw>
<kw name="Input Text" library="SeleniumLibrary">
<arg>${F_UserName_LogIn}</arg>
<arg>${F_UserNameVariable}</arg>
<doc>Types the given ``text`` into the text field identified by ``locator``.</doc>
<msg timestamp="20220816 12:36:25.265" level="INFO">Typing text 'Sameh TA01' into text field '//div//input[@id="username"]'.</msg>
<msg timestamp="20220816 12:36:25.408" level="WARN">Keyword 'Capture Page Screenshot' could not be run on failure: Message: no such window: target window already closed
from unknown error: web view not found
  (Session info: chrome=104.0.5112.81)
</msg>
<msg timestamp="20220816 12:36:25.413" level="FAIL">NoSuchWindowException: Message: no such window: target window already closed
from unknown error: web view not found
  (Session info: chrome=104.0.5112.81)
</msg>
<status status="FAIL" starttime="20220816 12:36:25.263" endtime="20220816 12:36:25.415"/>
</kw>
<kw name="Input Text" library="SeleniumLibrary">
<arg>${F_UserName_LogIn}</arg>
<arg>${F_UserNameVariable}</arg>
<doc>Types the given ``text`` into the text field identified by ``locator``.</doc>
<msg timestamp="20220816 12:36:26.432" level="INFO">Typing text 'Sameh TA01' into text field '//div//input[@id="username"]'.</msg>
<msg timestamp="20220816 12:36:26.569" level="WARN">Keyword 'Capture Page Screenshot' could not be run on failure: Message: no such window: target window already closed
from unknown error: web view not found
  (Session info: chrome=104.0.5112.81)
</msg>
<msg timestamp="20220816 12:36:26.572" level="FAIL">NoSuchWindowException: Message: no such window: target window already closed
from unknown error: web view not found
  (Session info: chrome=104.0.5112.81)
</msg>
<status status="FAIL" starttime="20220816 12:36:26.429" endtime="20220816 12:36:26.574"/>
</kw>
<kw name="Input Text" library="SeleniumLibrary">
<arg>${F_UserName_LogIn}</arg>
<arg>${F_UserNameVariable}</arg>
<doc>Types the given ``text`` into the text field identified by ``locator``.</doc>
<msg timestamp="20220816 12:36:27.589" level="INFO">Typing text 'Sameh TA01' into text field '//div//input[@id="username"]'.</msg>
<msg timestamp="20220816 12:36:27.731" level="WARN">Keyword 'Capture Page Screenshot' could not be run on failure: Message: no such window: target window already closed
from unknown error: web view not found
  (Session info: chrome=104.0.5112.81)
</msg>
<msg timestamp="20220816 12:36:27.736" level="FAIL">NoSuchWindowException: Message: no such window: target window already closed
from unknown error: web view not found
  (Session info: chrome=104.0.5112.81)
</msg>
<status status="FAIL" starttime="20220816 12:36:27.587" endtime="20220816 12:36:27.739"/>
</kw>
<kw name="Input Text" library="SeleniumLibrary">
<arg>${F_UserName_LogIn}</arg>
<arg>${F_UserNameVariable}</arg>
<doc>Types the given ``text`` into the text field identified by ``locator``.</doc>
<msg timestamp="20220816 12:36:28.744" level="INFO">Typing text 'Sameh TA01' into text field '//div//input[@id="username"]'.</msg>
<msg timestamp="20220816 12:36:28.885" level="WARN">Keyword 'Capture Page Screenshot' could not be run on failure: Message: no such window: target window already closed
from unknown error: web view not found
  (Session info: chrome=104.0.5112.81)
</msg>
<msg timestamp="20220816 12:36:28.888" level="FAIL">NoSuchWindowException: Message: no such window: target window already closed
from unknown error: web view not found
  (Session info: chrome=104.0.5112.81)
</msg>
<status status="FAIL" starttime="20220816 12:36:28.741" endtime="20220816 12:36:28.889"/>
</kw>
<kw name="Input Text" library="SeleniumLibrary">
<arg>${F_UserName_LogIn}</arg>
<arg>${F_UserNameVariable}</arg>
<doc>Types the given ``text`` into the text field identified by ``locator``.</doc>
<msg timestamp="20220816 12:36:29.899" level="INFO">Typing text 'Sameh TA01' into text field '//div//input[@id="username"]'.</msg>
<msg timestamp="20220816 12:36:30.047" level="WARN">Keyword 'Capture Page Screenshot' could not be run on failure: Message: no such window: target window already closed
from unknown error: web view not found
  (Session info: chrome=104.0.5112.81)
</msg>
<msg timestamp="20220816 12:36:30.052" level="FAIL">NoSuchWindowException: Message: no such window: target window already closed
from unknown error: web view not found
  (Session info: chrome=104.0.5112.81)
</msg>
<status status="FAIL" starttime="20220816 12:36:29.898" endtime="20220816 12:36:30.055"/>
</kw>
<kw name="Input Text" library="SeleniumLibrary">
<arg>${F_UserName_LogIn}</arg>
<arg>${F_UserNameVariable}</arg>
<doc>Types the given ``text`` into the text field identified by ``locator``.</doc>
<msg timestamp="20220816 12:36:31.061" level="INFO">Typing text 'Sameh TA01' into text field '//div//input[@id="username"]'.</msg>
<msg timestamp="20220816 12:36:31.213" level="WARN">Keyword 'Capture Page Screenshot' could not be run on failure: Message: no such window: target window already closed
from unknown error: web view not found
  (Session info: chrome=104.0.5112.81)
</msg>
<msg timestamp="20220816 12:36:31.219" level="FAIL">NoSuchWindowException: Message: no such window: target window already closed
from unknown error: web view not found
  (Session info: chrome=104.0.5112.81)
</msg>
<status status="FAIL" starttime="20220816 12:36:31.059" endtime="20220816 12:36:31.222"/>
</kw>
<kw name="Input Text" library="SeleniumLibrary">
<arg>${F_UserName_LogIn}</arg>
<arg>${F_UserNameVariable}</arg>
<doc>Types the given ``text`` into the text field identified by ``locator``.</doc>
<msg timestamp="20220816 12:36:32.240" level="INFO">Typing text 'Sameh TA01' into text field '//div//input[@id="username"]'.</msg>
<msg timestamp="20220816 12:36:32.399" level="WARN">Keyword 'Capture Page Screenshot' could not be run on failure: Message: no such window: target window already closed
from unknown error: web view not found
  (Session info: chrome=104.0.5112.81)
</msg>
<msg timestamp="20220816 12:36:32.405" level="FAIL">NoSuchWindowException: Message: no such window: target window already closed
from unknown error: web view not found
  (Session info: chrome=104.0.5112.81)
</msg>
<status status="FAIL" starttime="20220816 12:36:32.238" endtime="20220816 12:36:32.407"/>
</kw>
<kw name="Input Text" library="SeleniumLibrary">
<arg>${F_UserName_LogIn}</arg>
<arg>${F_UserNameVariable}</arg>
<doc>Types the given ``text`` into the text field identified by ``locator``.</doc>
<msg timestamp="20220816 12:36:33.425" level="INFO">Typing text 'Sameh TA01' into text field '//div//input[@id="username"]'.</msg>
<msg timestamp="20220816 12:36:33.579" level="WARN">Keyword 'Capture Page Screenshot' could not be run on failure: Message: no such window: target window already closed
from unknown error: web view not found
  (Session info: chrome=104.0.5112.81)
</msg>
<msg timestamp="20220816 12:36:33.583" level="FAIL">NoSuchWindowException: Message: no such window: target window already closed
from unknown error: web view not found
  (Session info: chrome=104.0.5112.81)
</msg>
<status status="FAIL" starttime="20220816 12:36:33.422" endtime="20220816 12:36:33.586"/>
</kw>
<kw name="Input Text" library="SeleniumLibrary">
<arg>${F_UserName_LogIn}</arg>
<arg>${F_UserNameVariable}</arg>
<doc>Types the given ``text`` into the text field identified by ``locator``.</doc>
<msg timestamp="20220816 12:36:34.596" level="INFO">Typing text 'Sameh TA01' into text field '//div//input[@id="username"]'.</msg>
[...]
</msg>
<msg timestamp="20220816 12:37:01.672" level="WARN">Keyword 'Capture Page Screenshot' could not be run on failure: Message: no such window: target window already closed
from unknown error: web view not found
  (Session info: chrome=104.0.5112.81)
</msg>
<msg timestamp="20220816 12:37:02.841" level="WARN">Keyword 'Capture Page Screenshot' could not be run on failure: Message: no such window: target window already closed
from unknown error: web view not found
  (Session info: chrome=104.0.5112.81)
</msg>
<msg timestamp="20220816 12:37:04.018" level="WARN">Keyword 'Capture Page Screenshot' could not be run on failure: Message: no such window: target window already closed
from unknown error: web view not found
  (Session info: chrome=104.0.5112.81)
</msg>
<msg timestamp="20220816 12:37:05.201" level="WARN">Keyword 'Capture Page Screenshot' could not be run on failure: Message: no such window: target window already closed
from unknown error: web view not found
  (Session info: chrome=104.0.5112.81)
</msg>
<msg timestamp="20220816 12:37:06.374" level="WARN">Keyword 'Capture Page Screenshot' could not be run on failure: Message: no such window: target window already closed
from unknown error: web view not found
  (Session info: chrome=104.0.5112.81)
</msg>
<msg timestamp="20220816 12:37:07.540" level="WARN">Keyword 'Capture Page Screenshot' could not be run on failure: Message: no such window: target window already closed
from unknown error: web view not found
  (Session info: chrome=104.0.5112.81)
</msg>
<msg timestamp="20220816 12:37:08.702" level="WARN">Keyword 'Capture Page Screenshot' could not be run on failure: Message: no such window: target window already closed
from unknown error: web view not found
  (Session info: chrome=104.0.5112.81)
</msg>
<msg timestamp="20220816 12:37:09.869" level="WARN">Keyword 'Capture Page Screenshot' could not be run on failure: Message: no such window: target window already closed
from unknown error: web view not found
  (Session info: chrome=104.0.5112.81)
</msg>
<msg timestamp="20220816 12:37:11.040" level="WARN">Keyword 'Capture Page Screenshot' could not be run on failure: Message: no such window: target window already closed
from unknown error: web view not found
  (Session info: chrome=104.0.5112.81)
</msg>
<msg timestamp="20220816 12:37:12.217" level="WARN">Keyword 'Capture Page Screenshot' could not be run on failure: Message: no such window: target window already closed
from unknown error: web view not found
  (Session info: chrome=104.0.5112.81)
</msg>
<msg timestamp="20220816 12:37:13.394" level="WARN">Keyword 'Capture Page Screenshot' could not be run on failure: Message: no such window: target window already closed
from unknown error: web view not found
  (Session info: chrome=104.0.5112.81)
</msg>
<msg timestamp="20220816 12:37:14.558" level="WARN">Keyword 'Capture Page Screenshot' could not be run on failure: Message: no such window: target window already closed
from unknown error: web view not found
  (Session info: chrome=104.0.5112.81)
</msg>
<msg timestamp="20220816 12:37:15.724" level="WARN">Keyword 'Capture Page Screenshot' could not be run on failure: Message: no such window: target window already closed
from unknown error: web view not found
  (Session info: chrome=104.0.5112.81)
</msg>
<msg timestamp="20220816 12:37:16.897" level="WARN">Keyword 'Capture Page Screenshot' could not be run on failure: Message: no such window: target window already closed
from unknown error: web view not found
  (Session info: chrome=104.0.5112.81)
</msg>
<msg timestamp="20220816 12:37:18.082" level="WARN">Keyword 'Capture Page Screenshot' could not be run on failure: Message: no such window: target window already closed
from unknown error: web view not found
  (Session info: chrome=104.0.5112.81)
</msg>
<msg timestamp="20220816 12:37:19.243" level="WARN">Keyword 'Capture Page Screenshot' could not be run on failure: Message: no such window: target window already closed
from unknown error: web view not found
  (Session info: chrome=104.0.5112.81)
</msg>
<msg timestamp="20220816 12:37:20.409" level="WARN">Keyword 'Capture Page Screenshot' could not be run on failure: Message: no such window: target window already closed
from unknown error: web view not found
  (Session info: chrome=104.0.5112.81)
</msg>
<msg timestamp="20220816 12:37:21.579" level="WARN">Keyword 'Capture Page Screenshot' could not be run on failure: Message: no such window: target window already closed
from unknown error: web view not found
  (Session info: chrome=104.0.5112.81)
</msg>
<msg timestamp="20220816 12:37:22.744" level="WARN">Keyword 'Capture Page Screenshot' could not be run on failure: Message: no such window: target window already closed
from unknown error: web view not found
  (Session info: chrome=104.0.5112.81)
</msg>
<msg timestamp="20220816 12:37:23.907" level="WARN">Keyword 'Capture Page Screenshot' could not be run on failure: Message: no such window: target window already closed
from unknown error: web view not found
  (Session info: chrome=104.0.5112.81)
</msg>
<msg timestamp="20220816 12:37:25.076" level="WARN">Keyword 'Capture Page Screenshot' could not be run on failure: Message: no such window: target window already closed
from unknown error: web view not found
  (Session info: chrome=104.0.5112.81)
</msg>
<msg timestamp="20220816 12:37:26.251" level="WARN">Keyword 'Capture Page Screenshot' could not be run on failure: Message: no such window: target window already closed
from unknown error: web view not found
  (Session info: chrome=104.0.5112.81)
</msg>
<msg timestamp="20220816 12:37:27.423" level="WARN">Keyword 'Capture Page Screenshot' could not be run on failure: Message: no such window: target window already closed
from unknown error: web view not found
  (Session info: chrome=104.0.5112.81)
</msg>
<msg timestamp="20220816 12:37:28.586" level="WARN">Keyword 'Capture Page Screenshot' could not be run on failure: Message: no such window: target window already closed
from unknown error: web view not found
  (Session info: chrome=104.0.5112.81)
</msg>
<msg timestamp="20220816 12:37:29.755" level="WARN">Keyword 'Capture Page Screenshot' could not be run on failure: Message: no such window: target window already closed
from unknown error: web view not found
  (Session info: chrome=104.0.5112.81)
</msg>
<msg timestamp="20220816 12:37:30.939" level="WARN">Keyword 'Capture Page Screenshot' could not be run on failure: Message: no such window: target window already closed
from unknown error: web view not found
  (Session info: chrome=104.0.5112.81)
</msg>
<msg timestamp="20220816 12:37:32.117" level="WARN">Keyword 'Capture Page Screenshot' could not be run on failure: Message: no such window: target window already closed
from unknown error: web view not found
  (Session info: chrome=104.0.5112.81)
</msg>
<msg timestamp="20220816 12:37:33.287" level="WARN">Keyword 'Capture Page Screenshot' could not be run on failure: Message: no such window: target window already closed
from unknown error: web view not found
  (Session info: chrome=104.0.5112.81)
</msg>
<msg timestamp="20220816 12:37:34.486" level="WARN">Keyword 'Capture Page Screenshot' could not be run on failure: Message: no such window: target window already closed
from unknown error: web view not found
  (Session info: chrome=104.0.5112.81)
</msg>
<msg timestamp="20220816 12:37:35.574" level="WARN">Keyword 'Capture Page Screenshot' could not be run on failure: Message: no such window: target window already closed
from unknown error: web view not found
  (Session info: chrome=104.0.5112.81)
</msg>
<msg timestamp="20220816 12:37:36.671" level="WARN">Keyword 'Capture Page Screenshot' could not be run on failure: Message: no such window: target window already closed
from unknown error: web view not found
  (Session info: chrome=104.0.5112.81)
</msg>
<msg timestamp="20220816 12:37:37.755" level="WARN">Keyword 'Capture Page Screenshot' could not be run on failure: Message: no such window: target window already closed
from unknown error: web view not found
  (Session info: chrome=104.0.5112.81)
</msg>
<msg timestamp="20220816 12:37:38.863" level="WARN">Keyword 'Capture Page Screenshot' could not be run on failure: Message: no such window: target window already closed
from unknown error: web view not found
  (Session info: chrome=104.0.5112.81)
</msg>
<msg timestamp="20220816 12:37:39.927" level="WARN">Keyword 'Capture Page Screenshot' could not be run on failure: Message: no such window: target window already closed
from unknown error: web view not found
  (Session info: chrome=104.0.5112.81)
</msg>
<msg timestamp="20220816 12:37:41.011" level="WARN">Keyword 'Capture Page Screenshot' could not be run on failure: Message: no such window: target window already closed
from unknown error: web view not found
  (Session info: chrome=104.0.5112.81)
</msg>
<msg timestamp="20220816 12:37:42.200" level="WARN">Keyword 'Capture Page Screenshot' could not be run on failure: Message: no such window: target window already closed
from unknown error: web view not found
  (Session info: chrome=104.0.5112.81)
</msg>
<msg timestamp="20220816 12:37:43.315" level="WARN">Keyword 'Capture Page Screenshot' could not be run on failure: Message: no such window: target window already closed
from unknown error: web view not found
  (Session info: chrome=104.0.5112.81)
</msg>
<msg timestamp="20220816 12:37:44.435" level="WARN">Keyword 'Capture Page Screenshot' could not be run on failure: Message: no such window: target window already closed
from unknown error: web view not found
  (Session info: chrome=104.0.5112.81)
</msg>
<msg timestamp="20220816 12:37:45.530" level="WARN">Keyword 'Capture Page Screenshot' could not be run on failure: Message: no such window: target window already closed
from unknown error: web view not found
  (Session info: chrome=104.0.5112.81)
</msg>
<msg timestamp="20220816 12:37:46.669" level="WARN">Keyword 'Capture Page Screenshot' could not be run on failure: Message: no such window: target window already closed
from unknown error: web view not found
  (Session info: chrome=104.0.5112.81)
</msg>
<msg timestamp="20220816 12:37:47.770" level="WARN">Keyword 'Capture Page Screenshot' could not be run on failure: Message: no such window: target window already closed
from unknown error: web view not found
  (Session info: chrome=104.0.5112.81)
</msg>
<msg timestamp="20220816 12:37:48.889" level="WARN">Keyword 'Capture Page Screenshot' could not be run on failure: Message: no such window: target window already closed
from unknown error: web view not found
  (Session info: chrome=104.0.5112.81)
</msg>
<msg timestamp="20220816 12:37:49.999" level="WARN">Keyword 'Capture Page Screenshot' could not be run on failure: Message: no such window: target window already closed
from unknown error: web view not found
  (Session info: chrome=104.0.5112.81)
</msg>
<msg timestamp="20220816 12:37:51.094" level="WARN">Keyword 'Capture Page Screenshot' could not be run on failure: Message: no such window: target window already closed
from unknown error: web view not found
  (Session info: chrome=104.0.5112.81)
</msg>
<msg timestamp="20220816 12:37:52.187" level="WARN">Keyword 'Capture Page Screenshot' could not be run on failure: Message: no such window: target window already closed
from unknown error: web view not found
  (Session info: chrome=104.0.5112.81)
</msg>
<msg timestamp="20220816 12:37:53.299" level="WARN">Keyword 'Capture Page Screenshot' could not be run on failure: Message: no such window: target window already closed
from unknown error: web view not found
  (Session info: chrome=104.0.5112.81)
</msg>
<msg timestamp="20220816 12:37:54.421" level="WARN">Keyword 'Capture Page Screenshot' could not be run on failure: Message: no such window: target window already closed
from unknown error: web view not found
  (Session info: chrome=104.0.5112.81)
</msg>
<msg timestamp="20220816 12:37:55.533" level="WARN">Keyword 'Capture Page Screenshot' could not be run on failure: Message: no such window: target window already closed
from unknown error: web view not found
  (Session info: chrome=104.0.5112.81)
</msg>
<msg timestamp="20220816 12:37:56.640" level="WARN">Keyword 'Capture Page Screenshot' could not be run on failure: Message: no such window: target window already closed
from unknown error: web view not found
  (Session info: chrome=104.0.5112.81)
</msg>
<msg timestamp="20220816 12:37:57.759" level="WARN">Keyword 'Capture Page Screenshot' could not be run on failure: Message: no such window: target window already closed
from unknown error: web view not found
  (Session info: chrome=104.0.5112.81)
</msg>
<msg timestamp="20220816 12:37:58.911" level="WARN">Keyword 'Capture Page Screenshot' could not be run on failure: Message: no such window: target window already closed
from unknown error: web view not found
  (Session info: chrome=104.0.5112.81)
</msg>
<msg timestamp="20220816 12:38:00.018" level="WARN">Keyword 'Capture Page Screenshot' could not be run on failure: Message: no such window: target window already closed
from unknown error: web view not found
  (Session info: chrome=104.0.5112.81)
</msg>
<msg timestamp="20220816 12:38:01.167" level="WARN">Keyword 'Capture Page Screenshot' could not be run on failure: Message: no such window: target window already closed
from unknown error: web view not found
  (Session info: chrome=104.0.5112.81)
</msg>
<msg timestamp="20220816 12:38:02.285" level="WARN">Keyword 'Capture Page Screenshot' could not be run on failure: Message: no such window: target window already closed
from unknown error: web view not found
  (Session info: chrome=104.0.5112.81)
</msg>
<msg timestamp="20220816 12:38:03.406" level="WARN">Keyword 'Capture Page Screenshot' could not be run on failure: Message: no such window: target window already closed
from unknown error: web view not found
  (Session info: chrome=104.0.5112.81)
</msg>
<msg timestamp="20220816 12:38:04.506" level="WARN">Keyword 'Capture Page Screenshot' could not be run on failure: Message: no such window: target window already closed
from unknown error: web view not found
  (Session info: chrome=104.0.5112.81)
</msg>
<msg timestamp="20220816 12:38:05.588" level="WARN">Keyword 'Capture Page Screenshot' could not be run on failure: Message: no such window: target window already closed
from unknown error: web view not found
  (Session info: chrome=104.0.5112.81)
</msg>
<msg timestamp="20220816 12:38:06.695" level="WARN">Keyword 'Capture Page Screenshot' could not be run on failure: Message: no such window: target window already closed
from unknown error: web view not found
  (Session info: chrome=104.0.5112.81)
</msg>
<msg timestamp="20220816 12:38:07.805" level="WARN">Keyword 'Capture Page Screenshot' could not be run on failure: Message: no such window: target window already closed
from unknown error: web view not found
  (Session info: chrome=104.0.5112.81)
</msg>
<msg timestamp="20220816 12:38:08.947" level="WARN">Keyword 'Capture Page Screenshot' could not be run on failure: Message: no such window: target window already closed
from unknown error: web view not found
  (Session info: chrome=104.0.5112.81)
</msg>
<msg timestamp="20220816 12:38:10.059" level="WARN">Keyword 'Capture Page Screenshot' could not be run on failure: Message: no such window: target window already closed
from unknown error: web view not found
  (Session info: chrome=104.0.5112.81)
</msg>
<msg timestamp="20220816 12:38:11.165" level="WARN">Keyword 'Capture Page Screenshot' could not be run on failure: Message: no such window: target window already closed
from unknown error: web view not found
  (Session info: chrome=104.0.5112.81)
</msg>
<msg timestamp="20220816 12:38:12.334" level="WARN">Keyword 'Capture Page Screenshot' could not be run on failure: Message: no such window: target window already closed
from unknown error: web view not found
  (Session info: chrome=104.0.5112.81)
</msg>
<msg timestamp="20220816 12:38:13.461" level="WARN">Keyword 'Capture Page Screenshot' could not be run on failure: Message: no such window: target window already closed
from unknown error: web view not found
  (Session info: chrome=104.0.5112.81)
</msg>
<msg timestamp="20220816 12:38:14.602" level="WARN">Keyword 'Capture Page Screenshot' could not be run on failure: Message: no such window: target window already closed
from unknown error: web view not found
  (Session info: chrome=104.0.5112.81)
</msg>
<msg timestamp="20220816 12:38:15.750" level="WARN">Keyword 'Capture Page Screenshot' could not be run on failure: Message: no such window: target window already closed
from unknown error: web view not found
  (Session info: chrome=104.0.5112.81)
</msg>
<msg timestamp="20220816 12:38:16.895" level="WARN">Keyword 'Capture Page Screenshot' could not be run on failure: Message: no such window: target window already closed
from unknown error: web view not found
  (Session info: chrome=104.0.5112.81)
</msg>
<msg timestamp="20220816 12:38:18.025" level="WARN">Keyword 'Capture Page Screenshot' could not be run on failure: Message: no such window: target window already closed
from unknown error: web view not found
  (Session info: chrome=104.0.5112.81)
</msg>
<msg timestamp="20220816 12:38:19.177" level="WARN">Keyword 'Capture Page Screenshot' could not be run on failure: Message: no such window: target window already closed
from unknown error: web view not found
  (Session info: chrome=104.0.5112.81)
</msg>
<msg timestamp="20220816 12:38:20.352" level="WARN">Keyword 'Capture Page Screenshot' could not be run on failure: Message: no such window: target window already closed
from unknown error: web view not found
  (Session info: chrome=104.0.5112.81)
</msg>
<msg timestamp="20220816 12:38:21.541" level="WARN">Keyword 'Capture Page Screenshot' could not be run on failure: Message: no such window: target window already closed
from unknown error: web view not found
  (Session info: chrome=104.0.5112.81)
</msg>
<msg timestamp="20220816 12:38:22.686" level="WARN">Keyword 'Capture Page Screenshot' could not be run on failure: Message: no such window: target window already closed
from unknown error: web view not found
  (Session info: chrome=104.0.5112.81)
</msg>
<msg timestamp="20220816 12:38:23.878" level="WARN">Keyword 'Capture Page Screenshot' could not be run on failure: Message: no such window: target window already closed
from unknown error: web view not found
  (Session info: chrome=104.0.5112.81)
</msg>
<msg timestamp="20220816 12:38:25.071" level="WARN">Keyword 'Capture Page Screenshot' could not be run on failure: Message: no such window: target window already closed
from unknown error: web view not found
  (Session info: chrome=104.0.5112.81)
</msg>
<msg timestamp="20220816 12:38:26.262" level="WARN">Keyword 'Capture Page Screenshot' could not be run on failure: Message: no such window: target window already closed
from unknown error: web view not found
  (Session info: chrome=104.0.5112.81)
</msg>
<msg timestamp="20220816 12:38:27.400" level="WARN">Keyword 'Capture Page Screenshot' could not be run on failure: Message: no such window: target window already closed
from unknown error: web view not found
  (Session info: chrome=104.0.5112.81)
</msg>
<msg timestamp="20220816 12:38:28.532" level="WARN">Keyword 'Capture Page Screenshot' could not be run on failure: Message: no such window: target window already closed
from unknown error: web view not found
  (Session info: chrome=104.0.5112.81)
</msg>
<msg timestamp="20220816 12:38:33.643" level="ERROR">Execution stopped by user.</msg>
</errors>
</robot>
